TN:
SF:lib/Presenter/categorias.dart
FNF:0
FNH:0
DA:16,1
DA:17,1
DA:24,2
DA:28,2
DA:32,3
DA:34,1
DA:37,2
DA:41,1
DA:44,2
DA:46,2
DA:48,3
DA:51,1
DA:52,1
DA:61,0
DA:62,0
DA:71,1
DA:74,2
DA:75,2
DA:78,1
DA:79,1
DA:80,2
DA:81,1
DA:85,2
DA:88,2
DA:90,2
DA:94,2
DA:97,1
DA:100,1
DA:102,0
DA:103,0
DA:104,0
DA:106,0
DA:110,0
DA:114,2
DA:116,1
DA:117,1
DA:121,0
DA:125,0
DA:130,3
DA:132,3
DA:141,3
DA:142,3
DA:144,3
DA:147,3
DA:148,6
DA:149,0
DA:155,3
DA:157,8
DA:158,2
DA:161,2
DA:165,6
DA:166,0
DA:169,0
DA:173,3
DA:174,1
DA:175,1
DA:179,6
DA:180,0
DA:181,0
DA:188,3
DA:190,3
DA:191,3
DA:193,3
DA:195,3
DA:196,6
DA:198,3
DA:201,6
DA:203,6
DA:204,6
DA:207,3
DA:209,6
DA:211,3
DA:213,6
DA:216,2
DA:219,0
DA:224,15
DA:225,15
DA:228,30
DA:231,15
DA:232,15
DA:233,30
DA:234,15
DA:235,15
DA:236,15
DA:238,30
DA:239,15
DA:241,15
DA:245,0
DA:251,1
DA:253,2
DA:256,1
DA:257,1
DA:258,2
DA:259,1
DA:260,1
DA:261,1
DA:263,2
DA:264,1
DA:266,1
DA:272,0
DA:278,12
DA:279,12
DA:282,24
DA:285,12
DA:286,24
DA:288,12
DA:291,24
DA:293,24
DA:294,24
DA:296,12
DA:302,0
DA:308,1
DA:310,1
DA:311,1
DA:315,2
DA:317,2
DA:318,0
DA:321,0
DA:325,0
DA:326,0
DA:329,1
DA:332,1
DA:335,2
DA:339,2
DA:343,3
DA:345,1
DA:348,2
DA:352,1
DA:353,1
DA:355,2
DA:358,3
DA:361,2
DA:364,2
DA:372,0
DA:376,1
DA:378,1
DA:379,1
DA:384,2
DA:388,2
DA:392,3
DA:394,1
DA:397,2
DA:401,1
DA:402,1
DA:404,2
DA:407,3
DA:410,2
DA:413,2
DA:421,0
LF:149
LH:125
end_of_record
TN:
SF:lib/Presenter/cuentas.dart
FNF:0
FNH:0
DA:24,1
DA:26,2
DA:30,1
DA:31,1
DA:32,2
DA:33,1
DA:34,1
DA:36,1
DA:39,1
DA:41,3
DA:43,2
DA:44,1
DA:48,1
DA:49,1
DA:50,1
DA:52,2
DA:53,0
DA:54,0
DA:59,1
DA:60,1
DA:61,1
DA:62,2
DA:63,0
DA:68,1
DA:69,1
DA:70,2
DA:71,1
DA:72,1
DA:74,1
DA:76,1
DA:77,1
DA:78,2
DA:79,1
DA:80,1
DA:82,1
DA:83,0
DA:85,1
DA:86,1
DA:87,2
DA:88,1
DA:91,1
DA:94,2
DA:97,0
DA:99,0
DA:103,1
DA:104,1
DA:105,0
DA:109,1
DA:111,1
DA:112,0
DA:113,0
DA:118,0
DA:121,0
DA:123,0
DA:124,0
DA:135,2
DA:137,2
DA:138,2
DA:140,0
DA:144,2
DA:145,2
DA:146,2
DA:147,2
DA:148,1
DA:149,2
DA:153,2
DA:154,0
DA:155,0
DA:158,2
DA:161,2
DA:165,2
DA:166,2
DA:167,2
DA:168,2
DA:170,4
DA:172,2
DA:173,1
DA:177,2
DA:178,4
DA:179,0
DA:180,0
DA:181,2
DA:182,0
DA:185,0
DA:186,0
DA:189,4
DA:195,3
DA:196,1
DA:198,3
DA:202,2
DA:203,1
DA:205,1
DA:206,2
DA:207,2
DA:208,1
DA:214,15
DA:216,15
DA:217,15
DA:219,0
DA:223,30
DA:224,2
DA:225,1
DA:230,30
DA:236,15
DA:237,15
DA:239,15
DA:241,45
DA:243,1
DA:244,2
DA:245,2
DA:246,2
DA:247,2
DA:248,2
DA:249,1
DA:250,1
DA:251,1
DA:253,0
DA:259,1
DA:260,1
DA:261,1
DA:265,2
DA:267,2
DA:268,2
DA:269,1
DA:272,0
DA:281,1
DA:282,1
DA:283,1
DA:284,3
DA:285,3
LF:130
LH:106
end_of_record
TN:
SF:lib/Presenter/objects.dart
FNF:0
FNH:0
DA:17,2
DA:19,2
DA:20,2
DA:23,4
DA:25,4
DA:26,0
DA:27,0
DA:31,0
DA:32,0
DA:35,2
DA:38,2
DA:41,4
DA:46,2
DA:47,2
DA:48,4
DA:49,2
DA:51,2
DA:56,6
DA:58,2
DA:59,2
DA:61,0
DA:65,2
DA:71,4
DA:72,2
DA:73,2
DA:74,2
DA:75,2
DA:77,4
DA:78,2
DA:79,2
DA:81,2
DA:82,0
DA:83,0
DA:86,2
DA:87,0
DA:88,0
DA:92,6
DA:94,4
DA:101,1
DA:103,1
DA:104,1
DA:107,1
DA:110,1
DA:113,2
DA:117,2
DA:121,3
DA:123,1
DA:126,2
DA:130,1
DA:133,2
DA:136,2
DA:139,1
DA:142,2
DA:144,2
DA:146,3
DA:149,2
DA:159,0
DA:164,5
DA:173,5
DA:176,5
DA:177,5
DA:179,5
DA:183,5
DA:184,10
DA:185,2
DA:191,5
DA:193,10
DA:195,5
DA:196,2
DA:199,5
DA:200,1
DA:201,1
DA:205,5
DA:206,0
DA:207,0
DA:211,13
DA:212,1
DA:213,1
DA:217,10
DA:218,0
DA:219,0
DA:223,1
DA:224,0
DA:231,5
DA:239,5
DA:240,5
DA:242,5
DA:244,5
DA:245,10
DA:247,5
DA:251,10
DA:253,10
DA:255,15
DA:257,5
DA:260,10
DA:264,5
DA:266,10
DA:267,5
DA:269,5
DA:270,10
DA:273,0
DA:276,0
DA:281,8
DA:283,8
DA:284,8
DA:286,8
DA:288,8
DA:289,16
DA:291,8
DA:295,16
DA:297,16
DA:299,16
DA:301,24
DA:304,8
DA:307,8
DA:308,16
DA:309,8
DA:310,8
DA:311,8
DA:312,8
DA:315,8
DA:320,8
DA:326,8
DA:330,0
DA:335,5
DA:338,10
DA:342,10
DA:346,15
DA:348,5
DA:351,10
DA:355,5
DA:358,10
DA:361,10
DA:362,5
DA:365,5
DA:367,10
DA:369,10
DA:371,5
DA:372,5
DA:375,5
DA:386,0
DA:390,0
DA:394,1
DA:396,1
DA:398,1
DA:400,1
DA:401,2
DA:406,1
DA:408,1
DA:412,1
DA:414,1
DA:416,1
DA:419,1
DA:422,1
DA:425,2
DA:426,2
DA:430,2
DA:434,3
DA:436,1
DA:439,2
DA:443,1
DA:446,2
DA:449,2
DA:452,1
DA:455,2
DA:457,2
DA:460,2
DA:461,1
DA:462,1
DA:464,1
DA:465,1
DA:474,0
DA:479,2
DA:481,2
DA:483,2
DA:486,2
DA:489,2
DA:492,4
DA:493,4
DA:497,4
DA:501,6
DA:503,2
DA:506,4
DA:510,2
DA:513,4
DA:516,4
DA:519,2
DA:522,4
DA:524,4
DA:527,4
DA:528,2
DA:529,2
DA:539,0
LF:193
LH:171
end_of_record
TN:
SF:lib/View/Amigos/ver_amigos.dart
FNF:0
FNH:0
DA:16,32
DA:18,1
DA:19,1
DA:26,0
DA:27,0
DA:28,0
DA:29,0
DA:30,0
DA:31,0
DA:32,0
DA:33,0
DA:35,0
DA:37,0
DA:39,0
DA:41,0
DA:42,0
DA:43,0
DA:46,0
DA:47,0
DA:52,0
DA:53,0
DA:57,0
DA:58,0
DA:60,0
DA:61,0
DA:62,0
DA:63,0
DA:65,0
DA:70,0
DA:72,0
DA:73,0
DA:74,0
DA:77,0
DA:81,0
DA:84,0
DA:87,0
DA:90,0
DA:93,0
DA:94,0
DA:97,0
DA:100,0
DA:113,0
DA:115,0
DA:117,0
DA:118,0
DA:119,0
DA:120,0
DA:122,0
DA:125,0
DA:127,0
DA:130,0
DA:131,0
DA:132,0
DA:134,0
DA:135,0
DA:136,0
DA:137,0
DA:141,0
DA:142,0
DA:143,0
DA:146,0
DA:147,0
DA:148,0
DA:150,0
DA:151,0
DA:152,0
DA:154,0
DA:166,1
DA:168,1
DA:169,1
DA:172,1
DA:173,1
DA:174,2
DA:175,1
DA:179,1
DA:181,1
DA:183,0
DA:184,0
DA:185,0
DA:187,1
DA:189,1
DA:190,1
DA:191,1
DA:192,1
DA:193,1
DA:194,1
DA:197,1
DA:199,1
DA:211,1
DA:213,1
DA:214,1
DA:215,0
DA:216,0
DA:218,0
DA:219,0
DA:220,0
DA:229,0
DA:230,0
DA:231,0
DA:232,0
DA:246,1
DA:248,0
DA:249,0
DA:251,0
DA:267,1
DA:268,1
DA:269,2
DA:270,1
DA:271,2
DA:272,1
DA:273,2
DA:274,1
DA:275,1
DA:277,1
DA:279,1
DA:280,1
DA:281,1
DA:284,1
DA:286,1
DA:294,1
DA:295,1
DA:297,1
DA:299,1
DA:306,1
DA:308,1
DA:312,1
LF:126
LH:47
end_of_record
TN:
SF:lib/View/Amigos/ver_colecciones_amigos.dart
FNF:0
FNH:0
DA:27,1
DA:30,1
DA:31,1
DA:32,1
DA:33,1
DA:34,1
DA:41,1
DA:43,1
DA:44,1
DA:54,1
DA:56,1
DA:58,1
DA:61,1
DA:62,4
DA:63,2
DA:64,2
DA:65,3
DA:66,1
DA:68,0
DA:73,1
DA:74,1
DA:75,1
DA:76,0
DA:77,0
DA:78,0
DA:79,0
DA:86,4
DA:88,2
DA:89,1
DA:90,1
DA:92,2
DA:93,1
DA:95,2
DA:97,0
DA:101,1
DA:103,3
DA:105,2
DA:110,1
DA:112,0
DA:113,0
DA:115,0
DA:118,1
DA:120,1
DA:121,1
DA:122,1
DA:123,1
DA:124,1
DA:125,1
DA:128,1
DA:130,1
DA:131,1
DA:133,1
DA:134,1
DA:135,1
DA:137,1
DA:139,1
DA:141,1
DA:144,1
DA:147,1
DA:149,1
DA:153,1
DA:154,2
DA:155,1
DA:156,1
DA:162,1
DA:164,2
DA:174,1
DA:175,1
DA:176,1
DA:177,1
DA:178,1
DA:181,1
DA:182,1
DA:183,1
DA:185,1
DA:186,1
DA:187,1
DA:188,0
DA:189,0
DA:190,0
DA:191,0
DA:194,2
DA:195,1
DA:196,1
DA:198,1
DA:207,1
DA:208,1
DA:220,1
DA:221,1
DA:222,1
DA:223,2
DA:224,1
DA:225,1
DA:226,1
DA:230,1
DA:231,1
DA:232,4
DA:233,1
DA:234,2
DA:235,4
DA:236,0
DA:237,5
DA:250,1
DA:251,1
DA:252,0
DA:254,1
DA:256,1
DA:257,1
DA:258,1
DA:259,1
DA:260,1
DA:261,1
DA:263,1
DA:264,1
DA:265,1
DA:266,1
DA:267,1
DA:268,4
DA:269,1
DA:270,2
DA:272,1
DA:273,1
DA:275,1
DA:278,2
DA:279,1
DA:280,1
DA:281,1
DA:283,1
DA:284,2
DA:286,1
DA:287,1
DA:288,1
DA:291,1
DA:292,1
DA:293,1
DA:300,1
DA:321,1
DA:325,1
DA:326,1
DA:330,0
DA:332,0
DA:333,0
DA:334,0
DA:335,0
DA:337,0
DA:338,0
DA:339,0
DA:340,0
DA:341,0
DA:343,0
DA:344,0
DA:345,0
DA:347,0
DA:348,0
DA:350,0
DA:353,0
DA:354,0
DA:355,0
DA:356,0
DA:358,0
DA:359,0
DA:360,0
DA:362,0
DA:363,0
DA:365,0
DA:368,0
DA:369,0
DA:370,0
DA:378,0
LF:169
LH:124
end_of_record
TN:
SF:lib/View/Amigos/ver_objetos_amigos.dart
FNF:0
FNH:0
DA:20,1
DA:26,1
DA:27,1
DA:30,0
DA:37,1
DA:39,1
DA:42,1
DA:44,3
DA:45,3
DA:47,2
DA:53,1
DA:55,0
DA:56,0
DA:58,1
DA:60,1
DA:61,1
DA:64,1
DA:65,1
DA:66,1
DA:69,1
DA:70,1
DA:71,1
DA:73,1
DA:75,1
DA:84,1
DA:85,1
DA:86,1
DA:87,1
DA:88,2
DA:96,1
DA:98,2
DA:100,1
DA:102,1
DA:103,1
DA:105,1
DA:106,1
DA:107,1
DA:108,1
DA:110,1
DA:111,1
DA:112,2
DA:113,1
DA:114,1
DA:126,1
DA:128,2
DA:130,1
DA:132,1
DA:133,1
DA:134,1
DA:135,1
DA:136,1
DA:137,1
DA:138,1
DA:140,1
DA:141,1
DA:143,1
DA:145,1
DA:146,2
DA:147,2
DA:159,1
DA:161,2
DA:163,1
DA:165,1
DA:166,1
DA:167,1
DA:168,1
DA:169,1
DA:170,1
DA:171,1
DA:173,1
DA:174,1
DA:176,1
DA:178,1
DA:179,2
DA:180,2
DA:189,1
DA:190,1
LF:77
LH:74
end_of_record
TN:
SF:lib/View/Amigos/ver_solicitudes.dart
FNF:0
FNH:0
DA:15,16
DA:17,1
DA:18,1
DA:24,1
DA:26,1
DA:27,1
DA:30,1
DA:31,1
DA:32,2
DA:33,1
DA:37,1
DA:40,0
DA:41,0
DA:43,0
DA:45,0
DA:46,0
DA:47,0
DA:48,0
DA:53,0
DA:54,0
DA:55,0
DA:60,0
DA:61,0
DA:63,0
DA:65,0
DA:66,0
DA:67,0
DA:68,0
DA:73,0
DA:74,0
DA:75,0
DA:80,1
DA:82,0
DA:83,0
DA:85,0
DA:88,1
DA:90,1
DA:91,1
DA:92,1
DA:93,1
DA:96,1
DA:98,1
DA:99,1
DA:101,1
DA:103,1
DA:108,1
DA:109,1
DA:110,2
DA:111,0
DA:112,0
DA:113,0
DA:114,0
DA:115,0
DA:117,0
DA:125,0
DA:126,0
DA:128,0
DA:130,0
DA:137,0
DA:139,0
DA:143,0
DA:152,0
DA:155,0
DA:156,0
DA:158,0
DA:159,0
DA:161,0
DA:163,0
DA:165,0
DA:173,0
DA:175,0
DA:176,0
DA:178,0
DA:180,0
DA:182,0
LF:75
LH:25
end_of_record
TN:
SF:lib/View/Categorias/agregar_categorias.dart
FNF:0
FNH:0
DA:13,16
DA:15,3
DA:16,3
DA:23,3
DA:24,15
DA:25,9
DA:28,3
DA:30,6
DA:31,6
DA:32,3
DA:35,3
DA:37,9
DA:38,9
DA:40,6
DA:46,3
DA:48,3
DA:49,3
DA:52,3
DA:53,3
DA:54,3
DA:57,3
DA:58,3
DA:59,3
DA:61,3
DA:63,3
DA:72,3
DA:73,3
DA:74,3
DA:75,3
DA:77,3
DA:78,3
DA:82,3
DA:84,3
DA:85,3
DA:92,3
DA:94,3
DA:95,3
DA:97,3
DA:98,3
DA:99,3
DA:100,3
DA:102,3
DA:104,3
DA:107,3
DA:126,3
DA:128,6
DA:130,3
DA:132,3
DA:133,3
DA:134,3
DA:135,3
DA:136,3
DA:137,3
DA:139,3
DA:141,3
DA:144,3
DA:162,3
DA:163,6
DA:165,3
DA:166,3
DA:167,3
DA:168,3
DA:170,3
DA:171,3
DA:173,3
DA:178,3
DA:179,3
DA:180,3
DA:181,3
DA:182,3
DA:183,3
DA:185,0
DA:186,0
LF:73
LH:71
end_of_record
TN:
SF:lib/View/Categorias/editar_categoria.dart
FNF:0
FNH:0
DA:14,8
DA:16,4
DA:17,4
DA:20,0
DA:31,0
DA:32,0
DA:33,0
DA:34,0
DA:38,1
DA:40,1
DA:41,1
DA:42,1
DA:43,1
DA:44,1
DA:48,1
DA:49,1
DA:50,0
DA:51,0
DA:55,1
DA:57,1
DA:58,2
DA:70,1
DA:71,1
DA:72,1
DA:73,1
DA:74,1
DA:75,1
DA:76,1
DA:81,4
DA:82,3
DA:83,1
DA:84,1
DA:86,1
DA:91,1
DA:92,1
DA:94,3
DA:96,1
DA:98,1
DA:99,1
DA:100,5
DA:102,2
DA:103,2
DA:107,1
DA:108,2
DA:115,1
DA:116,1
DA:117,1
DA:118,1
DA:124,1
DA:125,5
DA:126,1
DA:127,1
DA:129,1
DA:133,3
DA:134,0
DA:135,0
DA:142,1
DA:143,3
DA:144,0
DA:145,0
DA:151,1
DA:152,4
DA:153,2
DA:154,1
DA:160,1
DA:161,2
DA:162,1
DA:165,4
DA:166,6
DA:167,3
DA:170,2
DA:171,0
DA:175,1
DA:176,1
DA:177,5
DA:178,2
DA:179,4
DA:182,2
DA:183,2
DA:187,1
DA:188,3
DA:189,0
DA:192,2
DA:193,1
DA:197,1
DA:198,1
DA:199,1
DA:200,1
DA:201,1
DA:205,1
DA:206,1
DA:207,0
DA:208,0
DA:212,1
DA:213,1
DA:214,2
DA:226,1
DA:227,2
DA:228,1
DA:229,1
DA:230,2
DA:231,4
DA:236,4
DA:238,4
DA:239,4
DA:242,4
DA:244,12
DA:245,8
DA:246,16
DA:247,12
DA:248,4
DA:249,8
DA:253,4
DA:255,12
DA:256,12
DA:258,8
DA:264,4
DA:266,0
DA:267,0
DA:269,0
DA:272,4
DA:274,4
DA:275,4
DA:278,4
DA:279,4
DA:280,4
DA:283,4
DA:284,4
DA:286,4
DA:288,4
DA:289,8
DA:290,4
DA:291,4
DA:301,4
DA:302,4
DA:303,4
DA:305,4
DA:307,4
DA:315,4
DA:316,4
DA:318,4
DA:319,4
DA:321,4
DA:322,4
DA:323,4
DA:324,4
DA:326,4
DA:327,4
DA:329,4
DA:330,4
DA:331,4
DA:332,4
DA:333,1
DA:337,1
DA:338,2
DA:341,4
DA:342,8
DA:343,4
DA:344,4
DA:351,4
DA:353,4
DA:354,4
DA:355,4
DA:357,4
DA:358,4
DA:361,1
DA:362,2
DA:363,1
DA:364,1
DA:366,1
DA:382,4
DA:383,4
DA:385,4
DA:386,4
DA:387,4
DA:388,4
DA:389,4
DA:390,4
DA:391,4
DA:392,4
DA:393,4
DA:395,4
DA:397,4
DA:398,4
DA:399,4
DA:400,4
DA:401,1
DA:406,1
DA:407,2
DA:410,4
DA:411,4
DA:412,8
DA:416,4
DA:417,4
DA:418,4
DA:420,4
DA:421,4
DA:424,1
DA:425,2
DA:426,1
DA:427,1
DA:429,1
DA:434,4
DA:440,1
DA:441,2
DA:442,1
DA:458,4
DA:459,4
DA:460,4
DA:461,4
DA:462,4
DA:464,4
DA:465,4
DA:467,4
DA:474,4
DA:475,4
DA:476,4
DA:477,4
DA:478,4
DA:479,4
DA:480,4
DA:482,4
LF:222
LH:204
end_of_record
TN:
SF:lib/View/Categorias/ver_categorias.dart
FNF:0
FNH:0
DA:14,48
DA:16,7
DA:17,7
DA:24,7
DA:26,7
DA:27,14
DA:28,7
DA:31,7
DA:32,7
DA:33,14
DA:34,7
DA:38,7
DA:40,14
DA:45,7
DA:47,0
DA:48,0
DA:50,0
DA:53,7
DA:55,7
DA:56,7
DA:57,7
DA:58,7
DA:61,7
DA:63,7
DA:64,7
DA:66,7
DA:68,7
DA:78,7
DA:79,7
DA:81,7
DA:83,7
DA:89,7
DA:90,7
DA:92,7
DA:93,7
DA:94,7
DA:95,7
DA:96,7
DA:102,7
DA:104,3
DA:105,3
DA:106,3
DA:107,6
DA:119,7
DA:120,7
DA:121,7
DA:122,14
DA:123,7
DA:124,14
DA:125,7
DA:131,7
DA:132,7
DA:133,8
DA:134,7
DA:136,7
DA:140,7
DA:141,7
DA:143,7
DA:144,7
DA:152,7
DA:153,7
DA:161,0
DA:162,0
DA:164,0
DA:165,0
DA:166,0
DA:168,0
DA:174,4
DA:175,8
DA:177,4
DA:178,0
DA:179,0
DA:180,0
DA:183,4
DA:184,4
DA:185,4
DA:186,8
DA:193,0
DA:194,0
DA:195,0
DA:196,0
DA:197,0
DA:198,0
DA:200,0
DA:201,0
DA:202,0
DA:203,0
DA:204,0
DA:205,0
DA:209,0
DA:210,0
DA:211,0
DA:213,0
DA:215,0
DA:223,0
DA:224,0
DA:225,0
DA:226,0
DA:227,0
DA:228,0
DA:229,0
DA:234,0
DA:235,0
DA:236,0
LF:104
LH:65
end_of_record
TN:
SF:lib/View/Cuentas/Registrarse.dart
FNF:0
FNH:0
DA:12,16
DA:14,3
DA:15,3
DA:27,3
DA:29,3
DA:31,3
DA:33,3
DA:38,3
DA:39,3
DA:41,3
DA:43,3
DA:44,6
DA:45,3
DA:53,6
DA:55,3
DA:64,3
DA:66,6
DA:67,6
DA:68,6
DA:69,6
DA:70,3
DA:73,3
DA:75,9
DA:76,9
DA:79,2
DA:80,2
DA:82,2
DA:83,2
DA:84,2
DA:85,2
DA:90,2
DA:92,6
DA:93,4
DA:94,6
DA:95,6
DA:98,3
DA:99,3
DA:100,3
DA:101,3
DA:107,3
DA:108,3
DA:111,3
DA:115,3
DA:116,3
DA:118,3
DA:124,3
DA:126,3
DA:135,3
DA:137,3
DA:145,3
DA:147,3
DA:149,3
DA:151,3
DA:152,3
DA:154,3
DA:155,3
DA:156,3
DA:157,0
DA:159,6
DA:162,0
DA:163,0
DA:164,0
DA:168,3
DA:171,3
DA:173,3
DA:174,6
DA:175,3
DA:183,6
DA:185,3
DA:195,3
DA:197,3
DA:199,3
DA:201,3
DA:202,3
DA:204,3
DA:205,3
DA:206,3
DA:207,0
DA:209,6
DA:212,0
DA:213,0
DA:214,0
DA:215,0
DA:219,3
DA:222,3
DA:224,3
DA:225,6
DA:226,3
DA:234,6
DA:236,3
DA:246,3
DA:248,3
DA:251,3
DA:253,3
DA:254,3
DA:255,3
DA:257,3
DA:258,3
DA:259,3
DA:260,3
DA:261,3
DA:262,3
DA:264,3
DA:265,3
DA:275,3
DA:277,3
DA:278,1
DA:279,1
DA:281,3
DA:283,3
DA:284,3
DA:285,3
DA:287,3
DA:288,3
DA:289,3
DA:290,3
DA:291,3
DA:292,3
DA:294,3
DA:295,3
LF:120
LH:111
end_of_record
TN:
SF:lib/View/Cuentas/ingresar.dart
FNF:0
FNH:0
DA:12,16
DA:14,15
DA:15,15
DA:24,15
DA:26,15
DA:28,15
DA:30,15
DA:35,15
DA:36,15
DA:38,15
DA:40,15
DA:41,30
DA:42,15
DA:50,30
DA:52,15
DA:61,15
DA:63,30
DA:64,30
DA:65,15
DA:68,15
DA:70,45
DA:71,45
DA:74,15
DA:75,15
DA:77,15
DA:78,15
DA:79,15
DA:80,15
DA:85,60
DA:86,45
DA:89,15
DA:90,15
DA:91,15
DA:92,15
DA:98,15
DA:99,15
DA:102,15
DA:106,15
DA:107,15
DA:109,15
DA:115,15
DA:117,15
DA:125,15
DA:127,15
DA:129,15
DA:131,15
DA:132,15
DA:134,15
DA:135,15
DA:136,15
DA:137,0
DA:139,30
DA:142,0
DA:143,0
DA:144,0
DA:148,15
DA:151,15
DA:153,15
DA:154,30
DA:155,15
DA:163,30
DA:165,15
DA:175,15
DA:177,15
DA:180,15
DA:182,15
DA:183,15
DA:184,15
DA:186,15
DA:187,15
DA:188,15
DA:189,15
DA:190,15
DA:191,15
DA:193,15
DA:194,15
DA:204,15
DA:206,15
DA:207,1
DA:208,1
DA:210,15
DA:212,15
DA:213,15
DA:214,15
DA:216,15
DA:217,15
DA:218,15
DA:219,15
DA:220,15
DA:221,15
DA:223,15
DA:224,15
LF:92
LH:88
end_of_record
TN:
SF:lib/View/Cuentas/perfil.dart
FNF:0
FNH:0
DA:15,16
DA:17,1
DA:18,1
DA:27,1
DA:35,1
DA:37,1
DA:39,1
DA:40,1
DA:42,2
DA:44,1
DA:45,1
DA:47,1
DA:48,2
DA:49,1
DA:50,1
DA:52,1
DA:54,1
DA:56,1
DA:59,2
DA:70,1
DA:72,2
DA:73,2
DA:74,1
DA:77,1
DA:79,1
DA:80,1
DA:81,1
DA:82,1
DA:83,1
DA:86,1
DA:87,1
DA:88,0
DA:89,0
DA:93,1
DA:94,1
DA:95,2
DA:97,1
DA:99,2
DA:107,1
DA:108,1
DA:109,1
DA:110,1
DA:111,1
DA:112,1
DA:113,1
DA:119,2
DA:120,2
DA:121,3
DA:122,1
DA:123,1
DA:125,1
DA:130,1
DA:132,3
DA:133,3
DA:136,1
DA:137,1
DA:138,1
DA:139,1
DA:141,1
DA:142,1
DA:143,1
DA:146,1
DA:150,1
DA:151,1
DA:153,1
DA:159,1
DA:161,3
DA:162,1
DA:163,1
DA:170,1
DA:172,4
DA:173,1
DA:180,1
DA:182,1
DA:183,1
DA:184,1
DA:186,1
DA:189,1
DA:191,1
DA:192,1
DA:193,1
DA:195,1
DA:196,1
DA:197,1
LF:84
LH:82
end_of_record
TN:
SF:lib/View/Objects/agregar_objetos.dart
FNF:0
FNH:0
DA:23,4
DA:25,4
DA:27,4
DA:38,4
DA:39,4
DA:40,4
DA:41,4
DA:42,4
DA:43,4
DA:51,4
DA:53,4
DA:54,4
DA:55,4
DA:57,4
DA:58,4
DA:60,8
DA:64,8
DA:72,4
DA:73,4
DA:75,4
DA:77,4
DA:78,4
DA:79,4
DA:81,4
DA:82,4
DA:84,4
DA:91,4
DA:92,12
DA:94,0
DA:95,4
DA:96,4
DA:102,4
DA:104,8
DA:105,8
DA:106,8
DA:107,16
DA:109,4
DA:111,4
DA:113,8
DA:114,12
DA:115,8
DA:116,4
DA:155,4
DA:156,8
DA:164,4
DA:168,4
DA:171,8
DA:172,4
DA:177,4
DA:180,4
DA:181,4
DA:183,3
DA:184,3
DA:185,3
DA:186,3
DA:191,4
DA:193,16
DA:196,8
DA:199,8
DA:200,4
DA:201,4
DA:202,4
DA:203,12
DA:204,8
DA:205,8
DA:210,12
DA:215,3
DA:217,3
DA:221,4
DA:222,8
DA:223,4
DA:226,4
DA:229,4
DA:231,12
DA:232,12
DA:234,8
DA:240,4
DA:242,4
DA:243,4
DA:246,4
DA:247,4
DA:248,4
DA:251,4
DA:252,4
DA:253,4
DA:255,4
DA:257,4
DA:265,4
DA:266,4
DA:268,4
DA:269,4
DA:270,4
DA:271,4
DA:272,4
DA:273,12
DA:279,4
DA:289,4
DA:290,4
DA:291,4
DA:292,4
DA:294,4
DA:295,4
DA:299,4
DA:301,4
DA:302,4
DA:309,4
DA:311,4
DA:312,4
DA:314,4
DA:315,4
DA:316,4
DA:317,4
DA:319,4
DA:321,4
DA:322,4
DA:325,4
DA:345,4
DA:347,8
DA:349,4
DA:351,4
DA:352,4
DA:353,4
DA:354,4
DA:355,4
DA:356,4
DA:358,4
DA:360,4
DA:361,4
DA:364,4
DA:383,4
DA:384,4
DA:386,4
DA:387,4
DA:388,4
DA:389,4
DA:394,4
DA:399,4
DA:400,4
DA:401,4
DA:402,4
DA:406,0
DA:407,0
LF:142
LH:139
end_of_record
TN:
SF:lib/View/Objects/editar_objetos.dart
FNF:0
FNH:0
DA:26,5
DA:28,5
DA:29,5
DA:45,0
DA:46,0
DA:47,0
DA:48,0
DA:49,0
DA:53,1
DA:55,1
DA:56,1
DA:57,1
DA:58,1
DA:59,1
DA:63,1
DA:64,1
DA:65,0
DA:66,0
DA:70,1
DA:71,1
DA:72,2
DA:74,1
DA:76,2
DA:84,1
DA:85,1
DA:86,1
DA:87,1
DA:88,1
DA:89,1
DA:90,1
DA:95,5
DA:99,3
DA:100,6
DA:101,6
DA:105,2
DA:106,4
DA:111,6
DA:112,6
DA:115,8
DA:116,2
DA:117,1
DA:121,12
DA:123,4
DA:124,2
DA:128,2
DA:129,4
DA:130,0
DA:131,0
DA:135,4
DA:136,0
DA:137,0
DA:141,6
DA:142,1
DA:143,1
DA:147,6
DA:148,1
DA:149,1
DA:156,1
DA:157,3
DA:158,0
DA:161,2
DA:162,1
DA:167,1
DA:168,1
DA:169,1
DA:170,1
DA:171,1
DA:175,1
DA:176,1
DA:177,0
DA:178,0
DA:182,1
DA:184,1
DA:185,2
DA:187,1
DA:189,2
DA:197,1
DA:198,2
DA:199,1
DA:200,1
DA:201,2
DA:202,4
DA:207,1
DA:208,2
DA:209,1
DA:212,1
DA:213,1
DA:215,1
DA:216,1
DA:218,4
DA:222,5
DA:223,25
DA:225,10
DA:227,15
DA:228,15
DA:230,15
DA:231,15
DA:233,20
DA:234,15
DA:236,15
DA:237,15
DA:242,1
DA:243,1
DA:244,1
DA:246,0
DA:255,2
DA:256,1
DA:257,3
DA:258,3
DA:261,1
DA:263,2
DA:265,2
DA:266,3
DA:267,2
DA:268,1
DA:272,1
DA:273,2
DA:281,1
DA:285,1
DA:288,2
DA:289,1
DA:294,1
DA:297,1
DA:298,1
DA:300,1
DA:306,1
DA:308,4
DA:311,2
DA:314,2
DA:315,1
DA:316,1
DA:317,1
DA:318,1
DA:319,1
DA:320,1
DA:325,3
DA:328,0
DA:330,0
DA:334,5
DA:336,5
DA:337,5
DA:340,5
DA:342,15
DA:343,15
DA:345,10
DA:351,5
DA:353,0
DA:354,0
DA:356,5
DA:358,5
DA:359,5
DA:362,5
DA:363,5
DA:364,5
DA:367,5
DA:368,5
DA:369,5
DA:371,5
DA:373,5
DA:382,5
DA:383,5
DA:384,5
DA:385,5
DA:387,1
DA:388,2
DA:389,1
DA:392,5
DA:393,5
DA:394,5
DA:395,1
DA:396,3
DA:402,5
DA:403,10
DA:407,5
DA:411,5
DA:413,5
DA:429,5
DA:431,10
DA:433,5
DA:435,5
DA:436,5
DA:438,5
DA:439,5
DA:440,5
DA:441,5
DA:443,5
DA:444,5
DA:445,5
DA:446,5
DA:447,5
DA:459,5
DA:461,10
DA:463,5
DA:465,5
DA:466,5
DA:467,5
DA:468,5
DA:469,5
DA:470,5
DA:471,5
DA:473,5
DA:474,5
DA:476,5
DA:478,5
DA:479,5
DA:480,5
DA:481,5
DA:482,3
DA:488,3
DA:489,3
DA:490,3
DA:493,5
DA:494,5
DA:495,5
DA:496,5
DA:500,5
DA:501,5
DA:502,5
DA:504,5
DA:505,5
DA:508,3
DA:509,3
DA:510,2
DA:512,3
DA:516,5
DA:517,3
DA:523,3
DA:535,5
DA:536,5
DA:538,5
DA:539,5
DA:540,5
DA:541,5
DA:542,5
DA:546,1
DA:547,1
DA:553,5
DA:554,5
DA:555,5
DA:556,5
DA:561,5
LF:241
LH:222
end_of_record
TN:
SF:lib/View/Objects/ver_objetos.dart
FNF:0
FNH:0
DA:26,8
DA:31,8
DA:32,8
DA:33,8
DA:41,22
DA:43,8
DA:44,8
DA:56,8
DA:58,8
DA:59,8
DA:60,8
DA:63,8
DA:64,8
DA:67,8
DA:69,0
DA:72,16
DA:73,8
DA:74,40
DA:75,24
DA:76,8
DA:77,18
DA:78,18
DA:79,6
DA:81,0
DA:86,8
DA:89,16
DA:90,24
DA:92,16
DA:93,8
DA:94,8
DA:96,16
DA:97,8
DA:100,0
DA:104,1
DA:105,2
DA:106,2
DA:107,1
DA:108,2
DA:110,0
DA:115,1
DA:116,1
DA:117,1
DA:118,1
DA:119,1
DA:120,1
DA:124,1
DA:125,1
DA:126,0
DA:127,0
DA:128,0
DA:129,0
DA:134,1
DA:136,1
DA:137,2
DA:139,1
DA:141,2
DA:149,1
DA:150,1
DA:151,1
DA:152,1
DA:153,1
DA:154,1
DA:155,1
DA:160,1
DA:164,1
DA:166,2
DA:167,2
DA:168,1
DA:169,4
DA:172,3
DA:173,2
DA:175,0
DA:176,0
DA:178,2
DA:179,4
DA:180,2
DA:184,8
DA:186,24
DA:188,16
DA:193,8
DA:195,0
DA:196,0
DA:198,0
DA:202,8
DA:204,8
DA:205,8
DA:206,8
DA:207,8
DA:208,8
DA:209,8
DA:212,8
DA:214,8
DA:226,8
DA:228,8
DA:229,8
DA:231,1
DA:232,1
DA:233,2
DA:234,2
DA:236,2
DA:237,1
DA:240,2
DA:241,2
DA:242,2
DA:247,8
DA:248,8
DA:254,8
DA:256,4
DA:257,4
DA:259,4
DA:260,4
DA:261,4
DA:262,4
DA:274,8
DA:275,8
DA:276,8
DA:277,8
DA:278,8
DA:281,8
DA:282,8
DA:283,8
DA:285,8
DA:286,8
DA:287,8
DA:288,6
DA:289,12
DA:290,6
DA:291,6
DA:294,16
DA:295,8
DA:296,8
DA:298,8
DA:307,8
DA:308,8
DA:318,16
DA:319,6
DA:321,6
DA:322,6
DA:323,6
DA:324,6
DA:325,6
DA:326,6
DA:327,6
DA:328,12
DA:329,6
DA:331,6
DA:333,6
DA:334,6
DA:335,12
DA:345,8
DA:346,8
DA:347,8
DA:348,16
DA:349,8
DA:350,8
DA:351,8
DA:355,8
DA:357,8
DA:358,32
DA:359,8
DA:360,16
DA:361,32
DA:362,18
DA:364,16
DA:365,24
DA:378,8
DA:384,8
DA:386,8
DA:387,8
DA:388,8
DA:390,6
DA:392,6
DA:394,7
DA:395,7
DA:396,7
DA:406,8
DA:407,8
DA:409,8
DA:410,8
DA:411,8
DA:412,8
DA:414,8
DA:415,8
DA:416,8
DA:417,8
DA:418,8
DA:419,32
DA:420,8
DA:421,16
DA:422,16
DA:423,8
DA:424,0
DA:426,16
DA:427,8
DA:428,6
DA:429,6
DA:430,1
DA:432,5
DA:434,5
DA:435,10
DA:437,5
DA:443,8
DA:444,8
DA:445,8
DA:456,8
DA:464,8
DA:465,1
LF:207
LH:193
end_of_record
TN:
SF:lib/View/recursos/app_with_drawer.dart
FNF:0
FNH:0
DA:21,15
DA:23,15
DA:24,15
DA:32,15
DA:34,15
DA:35,30
DA:36,30
DA:37,15
DA:38,15
DA:41,15
DA:42,30
DA:45,15
DA:46,30
DA:47,30
DA:48,45
DA:52,15
DA:54,45
DA:56,15
DA:57,15
DA:58,15
DA:60,30
DA:61,15
DA:62,15
DA:63,15
DA:64,1
DA:65,3
DA:66,2
DA:67,1
DA:68,1
DA:77,15
DA:78,15
DA:79,15
DA:80,15
DA:81,15
DA:83,15
DA:84,15
DA:85,15
DA:87,15
DA:88,0
DA:89,0
DA:90,0
DA:91,0
DA:92,0
DA:94,0
DA:97,0
DA:120,15
DA:121,15
DA:122,15
DA:123,15
DA:131,0
DA:132,0
DA:133,0
DA:134,0
DA:135,0
DA:136,0
DA:137,0
DA:139,0
DA:142,0
DA:146,15
DA:148,15
DA:149,15
DA:150,15
DA:158,8
DA:159,8
DA:160,16
DA:161,24
DA:162,16
DA:163,8
DA:165,8
DA:166,8
DA:170,0
DA:173,0
DA:174,0
DA:178,15
DA:180,15
DA:181,15
DA:182,15
DA:192,7
DA:193,7
DA:194,21
DA:195,14
DA:196,7
DA:198,7
DA:199,7
DA:202,0
DA:206,15
DA:221,1
DA:222,1
DA:224,1
DA:225,1
DA:227,15
DA:229,15
DA:230,15
DA:231,15
DA:237,15
DA:248,1
DA:249,1
DA:251,1
DA:252,1
DA:255,15
DA:257,15
DA:258,1
DA:259,1
DA:261,15
DA:263,15
DA:264,15
DA:265,15
DA:267,15
DA:268,15
DA:269,15
DA:270,15
DA:290,30
LF:112
LH:92
end_of_record
TN:
SF:lib/View/recursos/bienvenido.dart
FNF:0
FNH:0
DA:14,111
DA:16,15
DA:18,45
DA:20,30
DA:27,15
DA:29,15
DA:31,0
DA:34,15
DA:36,15
DA:37,15
DA:38,15
DA:41,15
DA:42,15
DA:43,15
DA:46,15
DA:47,15
DA:50,15
DA:51,15
DA:53,15
LF:19
LH:18
end_of_record
TN:
SF:lib/View/recursos/colors.dart
FNF:0
FNH:0
DA:7,32
DA:8,32
DA:9,32
DA:10,26
DA:11,28
DA:12,2
LF:6
LH:6
end_of_record
TN:
SF:lib/View/recursos/custom_badge.dart
FNF:0
FNH:0
DA:7,15
DA:12,14
DA:14,14
DA:15,14
DA:16,14
DA:17,14
DA:18,28
DA:19,0
DA:22,0
DA:24,0
DA:26,0
DA:32,0
DA:33,0
DA:34,0
LF:14
LH:7
end_of_record
TN:
SF:lib/View/recursos/inicio.dart
FNF:0
FNH:0
DA:7,192
DA:9,16
DA:10,16
DA:14,16
DA:16,48
DA:17,48
DA:19,16
DA:20,16
DA:21,16
DA:22,16
DA:28,16
DA:29,16
DA:31,16
DA:32,32
DA:33,16
DA:35,16
DA:37,16
DA:38,16
DA:41,16
DA:42,16
DA:43,16
DA:46,16
DA:47,16
DA:48,16
DA:49,16
DA:50,16
DA:51,16
DA:53,16
DA:54,15
DA:55,15
DA:57,15
DA:58,15
DA:61,16
DA:64,16
DA:65,16
DA:68,16
DA:69,16
DA:70,16
DA:72,16
DA:74,16
DA:75,16
DA:77,16
DA:78,16
DA:88,16
DA:89,16
DA:91,16
DA:92,3
DA:93,3
DA:95,3
DA:96,3
DA:99,16
DA:101,16
DA:102,16
DA:106,16
DA:107,16
DA:108,16
DA:109,16
DA:111,16
DA:112,16
DA:114,16
DA:115,16
DA:129,32
LF:62
LH:62
end_of_record
TN:
SF:lib/View/recursos/utils.dart
FNF:0
FNH:0
DA:5,16
DA:6,16
DA:7,16
DA:11,32
DA:15,5
DA:16,5
DA:17,20
DA:18,10
LF:8
LH:8
end_of_record
TN:
SF:lib/View/recursos/validaciones.dart
FNF:0
FNH:0
DA:10,16
DA:11,32
DA:13,16
DA:16,0
DA:20,16
DA:22,16
DA:32,16
DA:33,16
DA:36,32
DA:37,32
DA:38,16
DA:39,16
DA:40,32
DA:49,2
DA:51,4
DA:54,4
DA:58,4
DA:63,2
DA:65,2
DA:68,2
DA:71,2
DA:72,2
LF:22
LH:21
end_of_record
TN:
SF:lib/main.dart
FNF:0
FNH:0
DA:44,16
DA:46,16
DA:48,16
DA:50,16
LF:4
LH:4
end_of_record
