SF:lib/firebase_options.dart
DA:8,0
DA:9,0
DA:10,80
DA:11,80
DA:12,0
DA:13,80
DA:14,0
DA:15,80
DA:16,80
DA:17,0
DA:18,0
DA:19,0
DA:32,16
DA:34,0
DA:36,16
DA:37,16
DA:38,16
DA:39,0
DA:40,0
DA:41,0
DA:42,0
DA:43,0
DA:44,0
DA:48,0
DA:49,0
DA:54,0
DA:60,0
DA:61,0
DA:62,0
DA:63,0
DA:64,0
DA:65,0
DA:66,0
DA:67,0
DA:70,48
DA:71,16
DA:72,16
DA:73,16
DA:74,16
DA:75,16
DA:77,0
DA:78,0
DA:79,0
DA:80,0
DA:81,0
DA:82,0
DA:86,0
DA:87,0
DA:88,0
DA:89,0
DA:90,0
DA:91,0
LF:52
LH:15
end_of_record
SF:lib/main.dart
DA:18,0
DA:20,0
DA:21,0
DA:22,0
DA:23,0
DA:27,0
DA:28,0
DA:31,0
DA:32,0
DA:35,0
DA:41,16
DA:43,16
DA:45,16
DA:47,16
LF:14
LH:4
end_of_record
SF:lib/Presenter/amigos.dart
DA:11,0
DA:15,0
DA:18,0
DA:21,0
DA:24,0
DA:25,0
DA:26,0
DA:27,0
DA:39,0
DA:43,0
DA:47,0
DA:50,0
DA:51,0
DA:52,0
DA:54,0
DA:56,0
DA:59,0
DA:61,0
DA:63,0
DA:64,0
DA:66,0
DA:69,0
DA:73,0
DA:75,0
DA:79,0
DA:83,0
DA:89,0
DA:91,0
DA:95,0
DA:96,0
DA:100,0
DA:101,0
DA:102,0
DA:103,0
DA:105,0
DA:106,0
DA:107,0
DA:117,0
DA:119,0
DA:125,0
DA:127,0
DA:131,0
DA:136,0
DA:141,0
DA:146,0
DA:154,0
DA:156,0
DA:159,0
DA:161,0
DA:162,0
DA:168,0
DA:170,0
DA:173,0
DA:175,0
DA:179,0
DA:181,0
DA:184,0
DA:185,0
DA:187,0
DA:190,0
DA:193,0
DA:196,0
DA:198,0
DA:201,0
DA:204,0
DA:206,0
DA:208,0
DA:212,15
DA:213,15
DA:215,30
DA:217,15
DA:218,15
DA:219,30
DA:220,15
DA:221,15
DA:222,15
DA:224,15
DA:225,0
DA:227,0
DA:231,0
DA:236,1
DA:237,1
DA:239,2
DA:241,1
DA:242,1
DA:243,2
DA:244,1
DA:245,1
DA:246,1
DA:248,1
DA:249,0
DA:251,0
DA:255,0
DA:260,0
DA:261,0
DA:263,0
DA:266,0
DA:269,0
DA:270,0
DA:271,0
DA:273,0
DA:274,0
DA:277,0
DA:280,0
DA:281,0
DA:283,0
DA:284,0
DA:285,0
DA:290,0
DA:295,0
DA:297,0
DA:298,0
DA:300,0
DA:303,0
DA:305,0
DA:306,0
DA:307,0
DA:309,0
DA:310,0
DA:312,0
DA:315,0
DA:316,0
DA:318,0
DA:320,0
DA:322,0
DA:324,0
DA:326,0
DA:327,0
DA:329,0
DA:330,0
DA:331,0
DA:332,0
DA:334,0
DA:339,0
DA:345,0
DA:349,0
DA:354,0
LF:137
LH:20
end_of_record
SF:lib/Presenter/categorias.dart
DA:16,1
DA:17,1
DA:19,0
DA:23,2
DA:27,2
DA:31,3
DA:33,1
DA:36,2
DA:40,1
DA:43,2
DA:45,2
DA:47,3
DA:50,1
DA:51,1
DA:60,0
DA:61,0
DA:70,1
DA:73,2
DA:74,2
DA:77,1
DA:78,1
DA:79,2
DA:80,1
DA:84,2
DA:87,2
DA:89,2
DA:93,2
DA:96,1
DA:99,1
DA:101,0
DA:102,0
DA:103,0
DA:105,0
DA:109,0
DA:113,2
DA:115,1
DA:116,1
DA:120,0
DA:124,0
DA:129,3
DA:131,3
DA:133,0
DA:134,0
DA:138,3
DA:139,3
DA:141,3
DA:144,3
DA:145,6
DA:146,0
DA:152,3
DA:154,8
DA:155,2
DA:158,2
DA:162,6
DA:163,0
DA:166,0
DA:170,3
DA:171,1
DA:172,1
DA:176,6
DA:177,0
DA:178,0
DA:185,3
DA:187,3
DA:188,3
DA:190,3
DA:192,3
DA:193,6
DA:195,3
DA:198,6
DA:200,6
DA:201,6
DA:204,3
DA:206,6
DA:208,3
DA:210,6
DA:213,2
DA:216,0
DA:221,15
DA:222,15
DA:225,30
DA:228,15
DA:229,15
DA:230,30
DA:231,15
DA:232,15
DA:233,15
DA:235,30
DA:236,15
DA:238,15
DA:242,0
DA:248,0
DA:250,0
DA:253,0
DA:254,0
DA:255,0
DA:256,0
DA:257,0
DA:258,0
DA:260,0
DA:261,0
DA:263,0
DA:269,0
DA:275,10
DA:276,10
DA:279,20
DA:282,10
DA:283,20
DA:285,10
DA:288,20
DA:290,20
DA:291,20
DA:293,10
DA:299,0
DA:305,0
DA:307,0
DA:308,0
DA:312,0
DA:314,0
DA:315,0
DA:318,0
DA:322,0
DA:323,0
DA:326,0
DA:329,0
DA:332,0
DA:336,0
DA:340,0
DA:342,0
DA:345,0
DA:349,0
DA:350,0
DA:352,0
DA:355,0
DA:358,0
DA:361,0
DA:369,0
DA:373,0
DA:375,0
DA:376,0
DA:381,0
DA:385,0
DA:389,0
DA:391,0
DA:394,0
DA:398,0
DA:399,0
DA:401,0
DA:404,0
DA:407,0
DA:410,0
DA:418,0
LF:152
LH:82
end_of_record
SF:lib/View/Categorias/ver_categorias.dart
DA:14,48
DA:16,7
DA:17,7
DA:24,7
DA:26,7
DA:27,14
DA:28,7
DA:31,7
DA:32,7
DA:33,14
DA:34,7
DA:38,7
DA:40,14
DA:45,7
DA:47,0
DA:48,0
DA:50,0
DA:53,7
DA:55,7
DA:56,7
DA:57,7
DA:58,7
DA:61,7
DA:63,7
DA:64,7
DA:66,7
DA:68,7
DA:78,7
DA:79,7
DA:81,7
DA:83,7
DA:89,7
DA:90,7
DA:92,7
DA:93,7
DA:94,7
DA:95,7
DA:96,7
DA:102,7
DA:104,3
DA:105,3
DA:106,3
DA:107,6
DA:119,7
DA:120,7
DA:121,7
DA:122,14
DA:123,7
DA:124,14
DA:125,7
DA:131,7
DA:132,7
DA:133,4
DA:134,7
DA:136,7
DA:140,7
DA:141,7
DA:143,7
DA:144,7
DA:152,7
DA:153,7
DA:161,0
DA:162,0
DA:164,0
DA:165,0
DA:166,0
DA:168,0
DA:174,2
DA:175,4
DA:177,2
DA:178,0
DA:179,0
DA:180,0
DA:183,2
DA:184,2
DA:185,2
DA:186,4
DA:193,0
DA:194,0
DA:195,0
DA:196,0
DA:197,0
DA:198,0
DA:200,0
DA:201,0
DA:202,0
DA:203,0
DA:204,0
DA:205,0
DA:209,0
DA:210,0
DA:211,0
DA:213,0
DA:215,0
DA:223,0
DA:224,0
DA:225,0
DA:226,0
DA:227,0
DA:228,0
DA:229,0
DA:234,0
DA:235,0
DA:236,0
LF:104
LH:65
end_of_record
SF:lib/View/recursos/colors.dart
DA:7,32
DA:8,32
DA:9,32
DA:10,22
DA:11,24
DA:12,0
LF:6
LH:5
end_of_record
SF:lib/View/recursos/utils.dart
DA:5,14
DA:6,14
DA:7,14
DA:11,28
DA:15,4
DA:16,4
DA:17,16
DA:18,8
LF:8
LH:8
end_of_record
SF:lib/View/recursos/validaciones.dart
DA:10,16
DA:11,32
DA:13,16
DA:15,0
DA:16,0
DA:21,16
DA:23,16
DA:33,16
DA:34,16
DA:37,32
DA:38,32
DA:39,16
DA:40,16
DA:41,32
DA:50,2
DA:52,4
DA:55,4
DA:59,4
DA:64,2
DA:66,2
DA:69,2
DA:72,2
DA:73,2
LF:23
LH:21
end_of_record
SF:lib/Presenter/cuentas.dart
DA:24,0
DA:26,0
DA:30,0
DA:31,0
DA:32,0
DA:33,0
DA:34,0
DA:36,0
DA:39,0
DA:41,0
DA:43,0
DA:44,0
DA:48,0
DA:49,0
DA:50,0
DA:52,0
DA:53,0
DA:54,0
DA:59,0
DA:60,0
DA:61,0
DA:62,0
DA:63,0
DA:68,0
DA:69,0
DA:70,0
DA:71,0
DA:72,0
DA:74,0
DA:76,0
DA:77,0
DA:78,0
DA:79,0
DA:80,0
DA:82,0
DA:83,0
DA:85,0
DA:86,0
DA:87,0
DA:88,0
DA:91,0
DA:94,0
DA:97,0
DA:99,0
DA:103,0
DA:104,0
DA:105,0
DA:109,0
DA:111,0
DA:112,0
DA:113,0
DA:118,0
DA:121,0
DA:123,0
DA:124,0
DA:135,2
DA:137,2
DA:138,2
DA:139,0
DA:143,2
DA:144,2
DA:145,2
DA:146,2
DA:147,1
DA:148,2
DA:152,2
DA:153,0
DA:154,0
DA:157,2
DA:160,2
DA:164,2
DA:165,2
DA:166,2
DA:167,2
DA:169,4
DA:171,2
DA:172,1
DA:176,2
DA:177,4
DA:178,0
DA:179,0
DA:180,2
DA:181,0
DA:184,0
DA:185,0
DA:188,4
DA:194,3
DA:195,1
DA:197,3
DA:201,2
DA:202,1
DA:204,1
DA:205,2
DA:206,2
DA:207,1
DA:213,15
DA:215,15
DA:216,15
DA:217,0
DA:221,30
DA:222,2
DA:223,1
DA:228,30
DA:234,15
DA:235,15
DA:237,15
DA:239,45
DA:241,1
DA:242,2
DA:243,2
DA:244,2
DA:245,2
DA:246,2
DA:247,1
DA:248,1
DA:249,1
DA:251,0
DA:252,0
DA:253,0
DA:259,0
DA:260,0
DA:261,0
DA:265,0
DA:267,0
DA:268,0
DA:269,0
DA:272,0
DA:281,1
DA:282,1
DA:283,1
DA:284,3
DA:285,3
LF:132
LH:57
end_of_record
SF:lib/View/recursos/bienvenido.dart
DA:14,111
DA:16,15
DA:18,45
DA:20,30
DA:27,15
DA:29,15
DA:31,0
DA:34,15
DA:36,15
DA:37,15
DA:38,15
DA:41,15
DA:42,15
DA:43,15
DA:46,15
DA:47,15
DA:50,15
DA:51,15
DA:53,15
LF:19
LH:18
end_of_record
SF:lib/View/recursos/inicio.dart
DA:7,192
DA:9,16
DA:10,16
DA:14,16
DA:16,48
DA:17,48
DA:19,16
DA:20,16
DA:21,16
DA:22,16
DA:28,16
DA:29,16
DA:31,16
DA:32,32
DA:33,16
DA:35,16
DA:37,16
DA:38,16
DA:41,16
DA:42,16
DA:43,16
DA:46,16
DA:47,16
DA:48,16
DA:49,16
DA:50,16
DA:51,16
DA:53,16
DA:54,15
DA:55,15
DA:57,15
DA:58,15
DA:61,16
DA:64,16
DA:65,16
DA:68,16
DA:69,16
DA:70,16
DA:72,16
DA:74,16
DA:75,16
DA:77,16
DA:78,16
DA:88,16
DA:89,16
DA:91,16
DA:92,2
DA:93,2
DA:95,2
DA:96,2
DA:99,16
DA:101,16
DA:102,16
DA:106,16
DA:107,16
DA:108,16
DA:109,16
DA:111,16
DA:112,16
DA:114,16
DA:115,16
DA:129,32
LF:62
LH:62
end_of_record
SF:lib/Presenter/objects.dart
DA:17,2
DA:19,2
DA:20,2
DA:23,4
DA:25,4
DA:26,0
DA:27,0
DA:31,0
DA:32,0
DA:35,2
DA:38,2
DA:41,4
DA:46,2
DA:47,2
DA:48,4
DA:49,2
DA:51,2
DA:56,6
DA:58,2
DA:59,2
DA:61,0
DA:65,2
DA:71,4
DA:72,2
DA:73,2
DA:74,2
DA:75,2
DA:77,4
DA:78,2
DA:79,2
DA:81,2
DA:82,0
DA:83,0
DA:86,2
DA:87,0
DA:88,0
DA:92,6
DA:94,4
DA:101,1
DA:103,1
DA:104,1
DA:107,1
DA:110,1
DA:113,2
DA:117,2
DA:121,3
DA:123,1
DA:126,2
DA:130,1
DA:133,2
DA:136,2
DA:139,1
DA:142,2
DA:144,2
DA:146,3
DA:149,2
DA:159,0
DA:164,4
DA:173,4
DA:176,4
DA:177,4
DA:179,4
DA:183,4
DA:184,8
DA:185,0
DA:191,4
DA:193,8
DA:195,4
DA:196,2
DA:199,4
DA:200,1
DA:201,1
DA:205,4
DA:206,1
DA:207,1
DA:211,8
DA:212,0
DA:213,0
DA:217,8
DA:218,0
DA:219,0
DA:223,2
DA:224,0
DA:231,4
DA:239,4
DA:240,4
DA:242,4
DA:244,4
DA:245,8
DA:247,4
DA:251,8
DA:253,8
DA:255,12
DA:257,4
DA:260,8
DA:264,4
DA:266,8
DA:267,4
DA:269,4
DA:270,8
DA:273,0
DA:276,0
DA:281,8
DA:283,8
DA:284,8
DA:286,8
DA:288,8
DA:289,16
DA:291,8
DA:295,16
DA:297,16
DA:299,16
DA:301,24
DA:304,8
DA:307,8
DA:308,16
DA:309,8
DA:310,8
DA:311,8
DA:312,8
DA:315,8
DA:320,8
DA:326,8
DA:330,0
DA:335,5
DA:338,10
DA:342,10
DA:346,15
DA:348,5
DA:351,10
DA:355,5
DA:358,10
DA:361,10
DA:362,5
DA:365,5
DA:367,10
DA:369,10
DA:371,5
DA:372,5
DA:375,5
DA:386,0
DA:390,0
DA:394,1
DA:396,1
DA:398,1
DA:400,1
DA:401,2
DA:406,1
DA:408,1
DA:412,1
DA:414,1
DA:416,1
DA:419,1
DA:422,1
DA:425,2
DA:426,2
DA:430,2
DA:434,3
DA:436,1
DA:439,2
DA:443,1
DA:446,2
DA:449,2
DA:452,1
DA:455,2
DA:457,2
DA:460,2
DA:461,1
DA:462,1
DA:464,1
DA:465,1
DA:474,0
DA:479,2
DA:481,2
DA:483,2
DA:488,0
DA:491,0
DA:492,0
DA:496,0
DA:500,0
DA:502,0
DA:505,0
DA:509,0
DA:512,0
DA:515,0
DA:518,0
DA:521,0
DA:523,0
DA:526,0
DA:527,0
DA:528,0
DA:538,0
LF:192
LH:153
end_of_record
SF:lib/View/Objects/ver_objetos.dart
DA:26,8
DA:31,8
DA:32,8
DA:33,8
DA:41,21
DA:43,8
DA:44,8
DA:56,8
DA:58,8
DA:59,8
DA:60,8
DA:63,8
DA:64,8
DA:67,8
DA:69,0
DA:72,16
DA:73,8
DA:74,40
DA:75,24
DA:76,8
DA:77,15
DA:78,15
DA:79,5
DA:81,0
DA:86,8
DA:89,16
DA:90,24
DA:92,16
DA:93,8
DA:94,8
DA:96,16
DA:97,8
DA:100,1
DA:104,1
DA:105,2
DA:106,2
DA:107,1
DA:108,2
DA:110,0
DA:115,1
DA:116,1
DA:117,1
DA:118,1
DA:119,1
DA:120,1
DA:124,1
DA:125,1
DA:126,0
DA:127,0
DA:128,0
DA:129,0
DA:134,1
DA:136,1
DA:137,2
DA:139,1
DA:141,2
DA:149,1
DA:150,1
DA:151,1
DA:152,1
DA:153,1
DA:154,1
DA:155,1
DA:160,1
DA:164,1
DA:166,2
DA:167,2
DA:168,1
DA:169,4
DA:172,3
DA:173,2
DA:175,0
DA:176,0
DA:178,2
DA:179,4
DA:180,2
DA:184,8
DA:186,24
DA:188,16
DA:193,8
DA:195,0
DA:196,0
DA:198,0
DA:202,8
DA:204,8
DA:205,8
DA:206,8
DA:207,8
DA:208,8
DA:209,8
DA:212,8
DA:214,8
DA:226,8
DA:228,8
DA:229,8
DA:231,1
DA:232,1
DA:233,2
DA:234,2
DA:236,2
DA:237,1
DA:240,2
DA:241,2
DA:242,2
DA:247,8
DA:248,8
DA:254,8
DA:256,3
DA:257,3
DA:259,3
DA:260,3
DA:261,3
DA:262,3
DA:274,8
DA:275,8
DA:276,8
DA:277,8
DA:278,8
DA:281,8
DA:282,8
DA:283,8
DA:285,8
DA:286,8
DA:287,8
DA:288,6
DA:289,12
DA:290,6
DA:291,6
DA:294,16
DA:295,8
DA:296,8
DA:298,8
DA:307,8
DA:308,8
DA:318,16
DA:319,6
DA:321,6
DA:322,6
DA:323,6
DA:324,6
DA:325,6
DA:326,6
DA:327,6
DA:328,12
DA:329,6
DA:331,6
DA:333,6
DA:334,6
DA:335,12
DA:345,8
DA:346,8
DA:347,8
DA:348,16
DA:349,8
DA:350,8
DA:351,8
DA:355,8
DA:357,8
DA:358,32
DA:359,8
DA:360,16
DA:361,32
DA:362,24
DA:364,16
DA:365,24
DA:378,8
DA:384,8
DA:386,8
DA:387,8
DA:388,8
DA:390,8
DA:392,8
DA:394,6
DA:395,6
DA:396,6
DA:406,8
DA:407,8
DA:409,8
DA:410,8
DA:411,8
DA:412,8
DA:414,8
DA:415,8
DA:416,8
DA:417,8
DA:418,8
DA:419,32
DA:420,8
DA:421,16
DA:422,16
DA:423,8
DA:424,0
DA:426,16
DA:427,8
DA:428,6
DA:429,6
DA:430,1
DA:432,5
DA:434,5
DA:435,10
DA:437,5
DA:443,8
DA:444,8
DA:445,8
DA:456,8
DA:464,8
DA:465,1
LF:207
LH:194
end_of_record
SF:lib/View/Amigos/ver_amigos.dart
DA:16,32
DA:18,1
DA:19,1
DA:26,0
DA:27,0
DA:28,0
DA:29,0
DA:30,0
DA:31,0
DA:32,0
DA:33,0
DA:35,0
DA:37,0
DA:39,0
DA:41,0
DA:42,0
DA:43,0
DA:46,0
DA:47,0
DA:52,0
DA:53,0
DA:57,0
DA:58,0
DA:60,0
DA:61,0
DA:62,0
DA:63,0
DA:65,0
DA:70,0
DA:72,0
DA:73,0
DA:74,0
DA:77,0
DA:81,0
DA:84,0
DA:87,0
DA:90,0
DA:93,0
DA:94,0
DA:97,0
DA:100,0
DA:113,0
DA:115,0
DA:117,0
DA:118,0
DA:119,0
DA:120,0
DA:122,0
DA:125,0
DA:127,0
DA:130,0
DA:131,0
DA:132,0
DA:134,0
DA:135,0
DA:136,0
DA:137,0
DA:141,0
DA:142,0
DA:143,0
DA:146,0
DA:147,0
DA:148,0
DA:150,0
DA:151,0
DA:152,0
DA:154,0
DA:166,1
DA:168,1
DA:169,1
DA:172,1
DA:173,1
DA:174,2
DA:175,1
DA:179,1
DA:181,1
DA:183,0
DA:184,0
DA:185,0
DA:187,1
DA:189,1
DA:190,1
DA:191,1
DA:192,1
DA:193,1
DA:194,1
DA:197,1
DA:199,1
DA:211,1
DA:213,1
DA:214,1
DA:215,0
DA:216,0
DA:218,0
DA:219,0
DA:220,0
DA:229,0
DA:230,0
DA:231,0
DA:232,0
DA:246,1
DA:248,0
DA:249,0
DA:251,0
DA:267,1
DA:268,1
DA:269,2
DA:270,0
DA:271,0
DA:272,0
DA:273,0
DA:274,0
DA:276,0
DA:278,0
DA:279,0
DA:280,0
DA:283,0
DA:285,0
DA:293,0
DA:294,0
DA:296,0
DA:298,0
DA:305,0
DA:307,0
DA:311,0
LF:125
LH:28
end_of_record
SF:lib/View/Amigos/ver_colecciones_amigos.dart
DA:27,0
DA:30,0
DA:31,0
DA:32,0
DA:33,0
DA:34,0
DA:41,0
DA:43,0
DA:44,0
DA:54,0
DA:56,0
DA:58,0
DA:61,0
DA:62,0
DA:63,0
DA:64,0
DA:65,0
DA:66,0
DA:68,0
DA:73,0
DA:74,0
DA:75,0
DA:76,0
DA:77,0
DA:78,0
DA:79,0
DA:86,0
DA:88,0
DA:89,0
DA:90,0
DA:92,0
DA:93,0
DA:95,0
DA:97,0
DA:101,0
DA:103,0
DA:105,0
DA:110,0
DA:112,0
DA:113,0
DA:115,0
DA:118,0
DA:120,0
DA:121,0
DA:122,0
DA:123,0
DA:124,0
DA:125,0
DA:128,0
DA:130,0
DA:131,0
DA:133,0
DA:134,0
DA:135,0
DA:137,0
DA:139,0
DA:141,0
DA:144,0
DA:147,0
DA:149,0
DA:153,0
DA:154,0
DA:155,0
DA:156,0
DA:162,0
DA:164,0
DA:174,0
DA:175,0
DA:176,0
DA:177,0
DA:178,0
DA:181,0
DA:182,0
DA:183,0
DA:185,0
DA:186,0
DA:187,0
DA:188,0
DA:189,0
DA:190,0
DA:191,0
DA:194,0
DA:195,0
DA:196,0
DA:198,0
DA:207,0
DA:208,0
DA:220,0
DA:221,0
DA:222,0
DA:223,0
DA:224,0
DA:225,0
DA:226,0
DA:230,0
DA:231,0
DA:232,0
DA:233,0
DA:234,0
DA:235,0
DA:236,0
DA:250,0
DA:251,0
DA:252,0
DA:254,0
DA:256,0
DA:257,0
DA:258,0
DA:259,0
DA:260,0
DA:261,0
DA:263,0
DA:264,0
DA:265,0
DA:266,0
DA:267,0
DA:268,0
DA:269,0
DA:270,0
DA:272,0
DA:273,0
DA:275,0
DA:278,0
DA:279,0
DA:280,0
DA:281,0
DA:283,0
DA:284,0
DA:286,0
DA:287,0
DA:288,0
DA:291,0
DA:292,0
DA:293,0
DA:300,0
DA:320,0
DA:324,0
DA:325,0
DA:329,0
DA:331,0
DA:332,0
DA:333,0
DA:334,0
DA:336,0
DA:337,0
DA:338,0
DA:339,0
DA:340,0
DA:342,0
DA:343,0
DA:344,0
DA:346,0
DA:347,0
DA:349,0
DA:352,0
DA:353,0
DA:354,0
DA:355,0
DA:357,0
DA:358,0
DA:359,0
DA:361,0
DA:362,0
DA:364,0
DA:367,0
DA:368,0
DA:369,0
DA:377,0
LF:168
LH:0
end_of_record
SF:lib/View/recursos/app_with_drawer.dart
DA:21,15
DA:23,15
DA:24,15
DA:32,15
DA:34,15
DA:35,30
DA:36,30
DA:37,15
DA:38,15
DA:41,15
DA:42,30
DA:45,15
DA:46,30
DA:47,30
DA:48,45
DA:52,15
DA:54,45
DA:56,15
DA:57,15
DA:58,15
DA:60,30
DA:61,15
DA:62,15
DA:63,0
DA:64,0
DA:65,0
DA:66,0
DA:67,0
DA:76,15
DA:77,15
DA:78,15
DA:79,15
DA:80,15
DA:82,15
DA:83,15
DA:84,15
DA:86,15
DA:87,0
DA:88,0
DA:89,0
DA:90,0
DA:91,0
DA:93,0
DA:96,0
DA:119,15
DA:120,15
DA:121,15
DA:122,15
DA:130,0
DA:131,0
DA:132,0
DA:133,0
DA:134,0
DA:135,0
DA:136,0
DA:138,0
DA:141,0
DA:145,15
DA:147,15
DA:148,15
DA:149,15
DA:157,8
DA:158,8
DA:159,16
DA:160,24
DA:161,16
DA:162,8
DA:164,8
DA:165,8
DA:169,0
DA:172,0
DA:173,0
DA:177,15
DA:179,15
DA:180,15
DA:181,15
DA:191,7
DA:192,7
DA:193,21
DA:194,14
DA:195,7
DA:197,7
DA:198,7
DA:201,0
DA:205,15
DA:220,1
DA:221,1
DA:223,1
DA:224,1
DA:226,15
DA:228,15
DA:229,15
DA:230,15
DA:236,15
DA:247,1
DA:248,1
DA:250,1
DA:251,1
DA:254,15
DA:256,15
DA:257,0
DA:258,0
DA:260,15
DA:262,15
DA:263,15
DA:264,15
DA:266,15
DA:267,15
DA:268,15
DA:269,15
DA:289,30
LF:111
LH:84
end_of_record
SF:lib/View/Amigos/ver_objetos_amigos.dart
DA:20,0
DA:26,0
DA:27,0
DA:30,0
DA:37,0
DA:39,0
DA:42,0
DA:44,0
DA:45,0
DA:47,0
DA:53,0
DA:55,0
DA:56,0
DA:58,0
DA:60,0
DA:61,0
DA:64,0
DA:65,0
DA:66,0
DA:69,0
DA:70,0
DA:71,0
DA:73,0
DA:75,0
DA:84,0
DA:85,0
DA:86,0
DA:87,0
DA:88,0
DA:96,0
DA:98,0
DA:100,0
DA:102,0
DA:103,0
DA:105,0
DA:106,0
DA:107,0
DA:108,0
DA:110,0
DA:111,0
DA:112,0
DA:113,0
DA:114,0
DA:126,0
DA:128,0
DA:130,0
DA:132,0
DA:133,0
DA:134,0
DA:135,0
DA:136,0
DA:137,0
DA:138,0
DA:140,0
DA:141,0
DA:143,0
DA:145,0
DA:146,0
DA:147,0
DA:159,0
DA:161,0
DA:163,0
DA:165,0
DA:166,0
DA:167,0
DA:168,0
DA:169,0
DA:170,0
DA:171,0
DA:173,0
DA:174,0
DA:176,0
DA:178,0
DA:179,0
DA:180,0
DA:189,0
DA:190,0
LF:77
LH:0
end_of_record
SF:lib/View/Amigos/ver_solicitudes.dart
DA:15,16
DA:17,1
DA:18,1
DA:24,1
DA:26,1
DA:27,1
DA:30,1
DA:31,1
DA:32,2
DA:33,1
DA:37,1
DA:40,0
DA:41,0
DA:43,0
DA:45,0
DA:46,0
DA:47,0
DA:48,0
DA:53,0
DA:54,0
DA:55,0
DA:60,0
DA:61,0
DA:63,0
DA:65,0
DA:66,0
DA:67,0
DA:68,0
DA:73,0
DA:74,0
DA:75,0
DA:80,1
DA:82,0
DA:83,0
DA:85,0
DA:88,1
DA:90,1
DA:91,1
DA:92,1
DA:93,1
DA:96,1
DA:98,1
DA:99,1
DA:101,1
DA:103,1
DA:108,1
DA:109,1
DA:110,2
DA:111,0
DA:112,0
DA:113,0
DA:114,0
DA:115,0
DA:117,0
DA:125,0
DA:126,0
DA:128,0
DA:130,0
DA:137,0
DA:139,0
DA:143,0
DA:152,0
DA:155,0
DA:156,0
DA:158,0
DA:159,0
DA:161,0
DA:163,0
DA:165,0
DA:173,0
DA:175,0
DA:176,0
DA:178,0
DA:180,0
DA:182,0
LF:75
LH:25
end_of_record
SF:lib/View/Categorias/agregar_categorias.dart
DA:13,16
DA:15,3
DA:16,3
DA:23,3
DA:24,15
DA:25,9
DA:28,3
DA:30,6
DA:31,6
DA:32,3
DA:35,3
DA:37,9
DA:38,9
DA:40,6
DA:46,3
DA:48,3
DA:49,3
DA:52,3
DA:53,3
DA:54,3
DA:57,3
DA:58,3
DA:59,3
DA:61,3
DA:63,3
DA:72,3
DA:73,3
DA:74,3
DA:75,3
DA:77,3
DA:78,3
DA:82,3
DA:84,3
DA:85,3
DA:92,3
DA:94,3
DA:95,3
DA:97,3
DA:98,3
DA:99,3
DA:100,3
DA:102,3
DA:104,3
DA:107,3
DA:126,3
DA:128,6
DA:130,3
DA:132,3
DA:133,3
DA:134,3
DA:135,3
DA:136,3
DA:137,3
DA:139,3
DA:141,3
DA:144,3
DA:162,3
DA:163,6
DA:165,3
DA:166,3
DA:167,3
DA:168,3
DA:170,3
DA:171,3
DA:173,3
DA:178,3
DA:179,3
DA:180,3
DA:181,3
DA:182,3
DA:183,3
DA:185,0
DA:186,0
LF:73
LH:71
end_of_record
SF:lib/View/Categorias/editar_categoria.dart
DA:14,4
DA:16,2
DA:17,2
DA:20,0
DA:31,0
DA:32,0
DA:33,0
DA:34,0
DA:38,1
DA:40,1
DA:41,1
DA:42,1
DA:43,1
DA:44,1
DA:48,1
DA:49,1
DA:50,0
DA:51,0
DA:55,1
DA:57,1
DA:58,2
DA:70,1
DA:71,1
DA:72,1
DA:73,1
DA:74,1
DA:75,1
DA:76,1
DA:81,4
DA:82,3
DA:83,1
DA:84,1
DA:86,1
DA:91,0
DA:92,0
DA:94,0
DA:96,0
DA:98,0
DA:99,0
DA:100,0
DA:102,0
DA:103,0
DA:107,0
DA:108,0
DA:115,0
DA:116,0
DA:117,0
DA:118,0
DA:124,0
DA:125,0
DA:126,0
DA:127,0
DA:129,0
DA:133,0
DA:134,0
DA:135,0
DA:142,0
DA:143,0
DA:144,0
DA:145,0
DA:151,0
DA:152,0
DA:153,0
DA:154,0
DA:160,0
DA:161,0
DA:162,0
DA:165,0
DA:166,0
DA:167,0
DA:170,0
DA:171,0
DA:175,0
DA:176,0
DA:177,0
DA:178,0
DA:179,0
DA:182,0
DA:183,0
DA:187,1
DA:188,3
DA:189,0
DA:192,2
DA:193,1
DA:197,1
DA:198,1
DA:199,1
DA:200,1
DA:201,1
DA:205,1
DA:206,1
DA:207,0
DA:208,0
DA:212,1
DA:213,1
DA:214,2
DA:226,1
DA:227,2
DA:228,1
DA:229,1
DA:230,2
DA:231,4
DA:236,2
DA:238,2
DA:239,2
DA:242,2
DA:244,6
DA:245,4
DA:246,8
DA:247,6
DA:248,2
DA:249,4
DA:253,2
DA:255,6
DA:256,6
DA:258,4
DA:264,2
DA:266,0
DA:267,0
DA:269,0
DA:272,2
DA:274,2
DA:275,2
DA:278,2
DA:279,2
DA:280,2
DA:283,2
DA:284,2
DA:286,2
DA:288,2
DA:289,4
DA:290,2
DA:291,2
DA:301,2
DA:302,2
DA:303,2
DA:305,2
DA:307,2
DA:315,2
DA:316,2
DA:318,2
DA:319,2
DA:321,2
DA:322,2
DA:323,2
DA:324,2
DA:326,2
DA:327,2
DA:329,2
DA:330,2
DA:331,2
DA:332,2
DA:333,0
DA:337,0
DA:338,0
DA:341,2
DA:342,4
DA:343,2
DA:344,2
DA:351,2
DA:353,2
DA:354,2
DA:355,2
DA:357,2
DA:358,2
DA:361,0
DA:362,0
DA:363,0
DA:364,0
DA:366,0
DA:382,2
DA:383,2
DA:385,2
DA:386,2
DA:387,2
DA:388,2
DA:389,2
DA:390,2
DA:391,2
DA:392,2
DA:393,2
DA:395,2
DA:397,2
DA:398,2
DA:399,2
DA:400,2
DA:401,0
DA:406,0
DA:407,0
DA:410,2
DA:411,2
DA:412,4
DA:416,2
DA:417,2
DA:418,2
DA:420,2
DA:421,2
DA:424,0
DA:425,0
DA:426,0
DA:427,0
DA:429,0
DA:434,2
DA:440,1
DA:441,2
DA:442,1
DA:458,2
DA:459,2
DA:460,2
DA:461,2
DA:462,2
DA:464,2
DA:465,2
DA:467,2
DA:474,2
DA:475,2
DA:476,2
DA:477,2
DA:478,2
DA:479,2
DA:480,2
DA:482,2
LF:222
LH:147
end_of_record
SF:lib/View/Cuentas/Registrarse.dart
DA:12,16
DA:14,2
DA:15,2
DA:27,2
DA:29,2
DA:31,2
DA:33,2
DA:38,2
DA:39,2
DA:41,2
DA:43,2
DA:44,4
DA:45,2
DA:53,4
DA:55,2
DA:64,2
DA:66,4
DA:67,4
DA:68,4
DA:69,4
DA:70,2
DA:73,2
DA:75,6
DA:76,6
DA:79,2
DA:80,2
DA:82,2
DA:83,2
DA:84,2
DA:85,2
DA:90,2
DA:92,6
DA:93,4
DA:94,6
DA:95,6
DA:98,2
DA:99,2
DA:100,2
DA:101,2
DA:107,2
DA:108,2
DA:111,2
DA:115,2
DA:116,2
DA:118,2
DA:124,2
DA:126,2
DA:135,2
DA:137,2
DA:145,2
DA:147,2
DA:149,2
DA:151,2
DA:152,2
DA:154,2
DA:155,2
DA:156,2
DA:157,0
DA:159,4
DA:162,0
DA:163,0
DA:164,0
DA:168,2
DA:171,2
DA:173,2
DA:174,4
DA:175,2
DA:183,4
DA:185,2
DA:195,2
DA:197,2
DA:199,2
DA:201,2
DA:202,2
DA:204,2
DA:205,2
DA:206,2
DA:207,0
DA:209,4
DA:212,0
DA:213,0
DA:214,0
DA:215,0
DA:219,2
DA:222,2
DA:224,2
DA:225,4
DA:226,2
DA:234,4
DA:236,2
DA:246,2
DA:248,2
DA:251,2
DA:253,2
DA:254,2
DA:255,2
DA:257,2
DA:258,2
DA:259,2
DA:260,2
DA:261,2
DA:262,2
DA:264,2
DA:265,2
DA:275,2
DA:277,2
DA:278,0
DA:279,0
DA:281,2
DA:283,2
DA:284,2
DA:285,2
DA:287,2
DA:288,2
DA:289,2
DA:290,2
DA:291,2
DA:292,2
DA:294,2
DA:295,2
LF:120
LH:109
end_of_record
SF:lib/View/Cuentas/ingresar.dart
DA:12,16
DA:14,15
DA:15,15
DA:24,15
DA:26,15
DA:28,15
DA:30,15
DA:35,15
DA:36,15
DA:38,15
DA:40,15
DA:41,30
DA:42,15
DA:50,30
DA:52,15
DA:61,15
DA:63,30
DA:64,30
DA:65,15
DA:68,15
DA:70,45
DA:71,45
DA:74,15
DA:75,15
DA:77,15
DA:78,15
DA:79,15
DA:80,15
DA:85,60
DA:86,45
DA:89,15
DA:90,15
DA:91,15
DA:92,15
DA:98,15
DA:99,15
DA:102,15
DA:106,15
DA:107,15
DA:109,15
DA:115,15
DA:117,15
DA:125,15
DA:127,15
DA:129,15
DA:131,15
DA:132,15
DA:134,15
DA:135,15
DA:136,15
DA:137,0
DA:139,30
DA:142,0
DA:143,0
DA:144,0
DA:148,15
DA:151,15
DA:153,15
DA:154,30
DA:155,15
DA:163,30
DA:165,15
DA:175,15
DA:177,15
DA:180,15
DA:182,15
DA:183,15
DA:184,15
DA:186,15
DA:187,15
DA:188,15
DA:189,15
DA:190,15
DA:191,15
DA:193,15
DA:194,15
DA:204,15
DA:206,15
DA:207,0
DA:208,0
DA:210,15
DA:212,15
DA:213,15
DA:214,15
DA:216,15
DA:217,15
DA:218,15
DA:219,15
DA:220,15
DA:221,15
DA:223,15
DA:224,15
LF:92
LH:86
end_of_record
SF:lib/View/Cuentas/perfil.dart
DA:15,16
DA:17,0
DA:18,0
DA:27,0
DA:35,0
DA:37,0
DA:39,0
DA:40,0
DA:42,0
DA:44,0
DA:45,0
DA:47,0
DA:48,0
DA:49,0
DA:50,0
DA:52,0
DA:54,0
DA:56,0
DA:59,0
DA:70,0
DA:72,0
DA:73,0
DA:74,0
DA:77,0
DA:79,0
DA:80,0
DA:81,0
DA:82,0
DA:83,0
DA:86,0
DA:87,0
DA:88,0
DA:89,0
DA:93,0
DA:94,0
DA:95,0
DA:97,0
DA:99,0
DA:107,0
DA:108,0
DA:109,0
DA:110,0
DA:111,0
DA:112,0
DA:113,0
DA:114,0
DA:120,0
DA:123,0
DA:124,0
DA:125,0
DA:126,0
DA:127,0
DA:129,0
DA:135,0
DA:137,0
DA:138,0
DA:141,0
DA:142,0
DA:143,0
DA:144,0
DA:146,0
DA:147,0
DA:148,0
DA:151,0
DA:155,0
DA:156,0
DA:158,0
DA:164,0
DA:166,0
DA:167,0
DA:168,0
DA:175,0
DA:177,0
DA:178,0
DA:185,0
DA:187,0
DA:188,0
DA:189,0
DA:191,0
DA:194,0
DA:196,0
DA:197,0
DA:198,0
DA:200,0
DA:201,0
DA:202,0
LF:86
LH:1
end_of_record
SF:lib/View/Objects/agregar_objetos.dart
DA:23,3
DA:25,3
DA:27,3
DA:30,0
DA:41,3
DA:42,3
DA:43,3
DA:44,3
DA:45,3
DA:46,3
DA:54,3
DA:56,3
DA:57,3
DA:58,3
DA:60,3
DA:61,3
DA:63,6
DA:67,6
DA:75,3
DA:76,3
DA:78,3
DA:80,3
DA:81,3
DA:82,3
DA:84,3
DA:85,3
DA:87,3
DA:94,3
DA:95,9
DA:97,0
DA:98,3
DA:99,3
DA:105,3
DA:107,6
DA:108,6
DA:109,6
DA:110,12
DA:112,3
DA:114,3
DA:116,6
DA:117,9
DA:118,6
DA:119,3
DA:123,0
DA:124,0
DA:125,0
DA:127,0
DA:128,0
DA:129,0
DA:130,0
DA:136,0
DA:144,0
DA:147,0
DA:148,0
DA:149,0
DA:150,0
DA:151,0
DA:156,3
DA:157,6
DA:165,3
DA:169,3
DA:172,6
DA:173,3
DA:178,3
DA:181,3
DA:182,3
DA:184,2
DA:185,2
DA:186,2
DA:187,2
DA:192,3
DA:194,12
DA:197,6
DA:200,6
DA:201,3
DA:202,3
DA:203,3
DA:204,9
DA:205,6
DA:206,6
DA:211,9
DA:216,3
DA:218,3
DA:222,3
DA:223,6
DA:224,3
DA:227,3
DA:230,3
DA:232,9
DA:233,9
DA:235,6
DA:241,3
DA:243,3
DA:244,3
DA:247,3
DA:248,3
DA:249,3
DA:252,3
DA:253,3
DA:254,3
DA:256,3
DA:258,3
DA:266,3
DA:267,3
DA:269,3
DA:270,3
DA:271,3
DA:272,3
DA:273,3
DA:274,9
DA:280,3
DA:290,3
DA:291,3
DA:292,3
DA:293,3
DA:295,3
DA:296,3
DA:300,3
DA:302,3
DA:303,3
DA:310,3
DA:312,3
DA:313,3
DA:315,3
DA:316,3
DA:317,3
DA:318,3
DA:320,3
DA:322,3
DA:323,3
DA:326,3
DA:346,3
DA:348,6
DA:350,3
DA:352,3
DA:353,3
DA:354,3
DA:355,3
DA:356,3
DA:357,3
DA:359,3
DA:361,3
DA:362,3
DA:365,3
DA:384,3
DA:385,3
DA:387,3
DA:388,3
DA:389,3
DA:390,3
DA:395,3
DA:400,3
DA:401,3
DA:402,3
DA:403,3
DA:407,0
DA:408,0
LF:157
LH:139
end_of_record
SF:lib/View/Objects/editar_objetos.dart
DA:26,5
DA:28,5
DA:29,5
DA:45,0
DA:46,0
DA:47,0
DA:48,0
DA:49,0
DA:53,1
DA:55,1
DA:56,1
DA:57,1
DA:58,1
DA:59,1
DA:63,1
DA:64,1
DA:65,0
DA:66,0
DA:70,1
DA:71,1
DA:72,2
DA:74,1
DA:76,2
DA:84,1
DA:85,1
DA:86,1
DA:87,1
DA:88,1
DA:89,1
DA:90,1
DA:95,5
DA:99,3
DA:100,6
DA:101,6
DA:105,2
DA:106,4
DA:111,6
DA:112,6
DA:115,6
DA:116,0
DA:117,0
DA:121,12
DA:123,4
DA:124,2
DA:128,2
DA:129,4
DA:130,0
DA:131,0
DA:135,4
DA:136,0
DA:137,0
DA:141,6
DA:142,1
DA:143,1
DA:147,6
DA:148,0
DA:149,0
DA:156,1
DA:157,3
DA:158,0
DA:161,2
DA:162,1
DA:167,1
DA:168,1
DA:169,1
DA:170,1
DA:171,1
DA:175,1
DA:176,1
DA:177,0
DA:178,0
DA:182,1
DA:184,1
DA:185,2
DA:187,1
DA:189,2
DA:197,1
DA:198,2
DA:199,1
DA:200,1
DA:201,2
DA:202,4
DA:207,1
DA:208,2
DA:209,1
DA:212,1
DA:213,1
DA:215,1
DA:216,1
DA:218,4
DA:222,5
DA:223,25
DA:225,10
DA:227,15
DA:228,15
DA:230,15
DA:231,15
DA:233,20
DA:234,15
DA:236,15
DA:237,15
DA:242,1
DA:243,1
DA:244,1
DA:246,0
DA:255,2
DA:256,1
DA:257,3
DA:258,3
DA:261,1
DA:263,2
DA:265,2
DA:266,3
DA:267,2
DA:268,1
DA:272,1
DA:273,2
DA:281,1
DA:285,1
DA:288,2
DA:289,1
DA:294,1
DA:297,1
DA:298,1
DA:300,0
DA:306,1
DA:308,4
DA:311,2
DA:314,2
DA:315,1
DA:316,1
DA:317,1
DA:318,1
DA:319,1
DA:320,1
DA:325,3
DA:328,0
DA:330,0
DA:334,5
DA:336,5
DA:337,5
DA:340,5
DA:342,15
DA:343,15
DA:345,10
DA:351,5
DA:353,0
DA:354,0
DA:356,5
DA:358,5
DA:359,5
DA:362,5
DA:363,5
DA:364,5
DA:367,5
DA:368,5
DA:369,5
DA:371,5
DA:373,5
DA:382,5
DA:383,5
DA:384,5
DA:385,5
DA:387,1
DA:388,2
DA:389,1
DA:392,5
DA:393,5
DA:394,5
DA:395,1
DA:396,3
DA:402,5
DA:403,10
DA:407,5
DA:411,5
DA:413,5
DA:429,5
DA:431,10
DA:433,5
DA:435,5
DA:436,5
DA:438,5
DA:439,5
DA:440,5
DA:441,5
DA:443,5
DA:444,5
DA:445,5
DA:446,5
DA:447,5
DA:459,5
DA:461,10
DA:463,5
DA:465,5
DA:466,5
DA:467,5
DA:468,5
DA:469,5
DA:470,5
DA:471,5
DA:473,5
DA:474,5
DA:476,5
DA:478,5
DA:479,5
DA:480,5
DA:481,5
DA:482,3
DA:488,3
DA:489,3
DA:490,3
DA:493,5
DA:494,5
DA:495,5
DA:496,5
DA:500,5
DA:501,5
DA:502,5
DA:504,5
DA:505,5
DA:508,3
DA:509,3
DA:510,2
DA:512,3
DA:516,5
DA:517,3
DA:523,3
DA:535,5
DA:536,5
DA:538,5
DA:539,5
DA:540,5
DA:541,5
DA:542,5
DA:546,1
DA:547,1
DA:553,5
DA:554,5
DA:555,5
DA:556,5
DA:561,5
LF:241
LH:217
end_of_record
SF:lib/View/recursos/custom_badge.dart
DA:7,15
DA:12,14
DA:14,14
DA:15,14
DA:16,14
DA:17,14
DA:18,28
DA:19,0
DA:22,0
DA:24,0
DA:26,0
DA:32,0
DA:33,0
DA:34,0
LF:14
LH:7
end_of_record
