SF:lib/firebase_options.dart
DA:8,0
DA:9,0
DA:10,55
DA:11,55
DA:12,0
DA:13,55
DA:14,0
DA:15,55
DA:16,55
DA:17,0
DA:18,0
DA:19,0
DA:32,11
DA:34,0
DA:36,11
DA:37,11
DA:38,11
DA:39,0
DA:40,0
DA:41,0
DA:42,0
DA:43,0
DA:44,0
DA:48,0
DA:49,0
DA:54,0
DA:60,0
DA:61,0
DA:62,0
DA:63,0
DA:64,0
DA:65,0
DA:66,0
DA:67,0
DA:70,33
DA:71,11
DA:72,11
DA:73,11
DA:74,11
DA:75,11
DA:77,0
DA:78,0
DA:79,0
DA:80,0
DA:81,0
DA:82,0
DA:86,0
DA:87,0
DA:88,0
DA:89,0
DA:90,0
DA:91,0
LF:52
LH:15
end_of_record
SF:lib/main.dart
DA:18,0
DA:20,0
DA:21,0
DA:22,0
DA:23,0
DA:27,0
DA:28,0
DA:31,0
DA:32,0
DA:35,0
DA:41,11
DA:43,11
DA:45,11
DA:47,11
LF:14
LH:4
end_of_record
SF:lib/Presenter/amigos.dart
DA:11,0
DA:15,0
DA:18,0
DA:21,0
DA:24,0
DA:25,0
DA:26,0
DA:27,0
DA:39,0
DA:43,0
DA:47,0
DA:50,0
DA:51,0
DA:52,0
DA:54,0
DA:56,0
DA:59,0
DA:61,0
DA:63,0
DA:64,0
DA:66,0
DA:69,0
DA:73,0
DA:75,0
DA:79,0
DA:83,0
DA:89,0
DA:91,0
DA:95,0
DA:96,0
DA:100,0
DA:101,0
DA:102,0
DA:103,0
DA:105,0
DA:106,0
DA:107,0
DA:117,0
DA:119,0
DA:125,0
DA:127,0
DA:131,0
DA:136,0
DA:141,0
DA:146,0
DA:154,0
DA:156,0
DA:159,0
DA:161,0
DA:162,0
DA:168,0
DA:170,0
DA:173,0
DA:175,0
DA:179,0
DA:181,0
DA:184,0
DA:185,0
DA:187,0
DA:190,0
DA:193,0
DA:196,0
DA:198,0
DA:201,0
DA:204,0
DA:206,0
DA:208,0
DA:212,10
DA:213,10
DA:215,20
DA:217,10
DA:218,10
DA:219,20
DA:220,10
DA:221,10
DA:222,10
DA:224,10
DA:225,0
DA:227,0
DA:231,0
DA:236,0
DA:237,0
DA:239,0
DA:241,0
DA:242,0
DA:243,0
DA:244,0
DA:245,0
DA:246,0
DA:248,0
DA:249,0
DA:251,0
DA:255,0
DA:260,0
DA:261,0
DA:263,0
DA:266,0
DA:269,0
DA:270,0
DA:271,0
DA:273,0
DA:274,0
DA:277,0
DA:280,0
DA:281,0
DA:283,0
DA:284,0
DA:285,0
DA:290,0
DA:295,0
DA:297,0
DA:298,0
DA:300,0
DA:303,0
DA:305,0
DA:306,0
DA:307,0
DA:309,0
DA:310,0
DA:312,0
DA:315,0
DA:316,0
DA:318,0
DA:320,0
DA:322,0
DA:324,0
DA:326,0
DA:327,0
DA:329,0
DA:330,0
DA:331,0
DA:332,0
DA:334,0
DA:339,0
DA:345,0
DA:349,0
DA:354,0
LF:137
LH:10
end_of_record
SF:lib/Presenter/categorias.dart
DA:16,1
DA:17,1
DA:19,0
DA:23,2
DA:27,2
DA:31,3
DA:33,1
DA:36,2
DA:40,1
DA:43,2
DA:45,2
DA:47,3
DA:50,1
DA:51,1
DA:60,0
DA:61,0
DA:70,0
DA:73,0
DA:74,0
DA:77,0
DA:78,0
DA:79,0
DA:80,0
DA:84,0
DA:87,0
DA:89,0
DA:93,0
DA:96,0
DA:99,0
DA:101,0
DA:102,0
DA:103,0
DA:105,0
DA:109,0
DA:113,0
DA:115,0
DA:116,0
DA:120,0
DA:124,0
DA:129,3
DA:131,3
DA:133,0
DA:134,0
DA:138,3
DA:139,3
DA:141,3
DA:144,3
DA:145,6
DA:146,0
DA:152,3
DA:154,8
DA:155,2
DA:158,2
DA:162,6
DA:163,0
DA:166,0
DA:170,3
DA:171,1
DA:172,1
DA:176,6
DA:177,0
DA:178,0
DA:185,3
DA:187,3
DA:188,3
DA:190,3
DA:192,3
DA:193,6
DA:195,3
DA:198,6
DA:200,6
DA:201,6
DA:204,3
DA:206,6
DA:208,3
DA:210,6
DA:213,2
DA:216,0
DA:221,10
DA:222,10
DA:225,20
DA:228,10
DA:229,10
DA:230,20
DA:231,10
DA:232,10
DA:233,10
DA:235,20
DA:236,10
DA:238,10
DA:242,0
DA:248,0
DA:250,0
DA:253,0
DA:254,0
DA:255,0
DA:256,0
DA:257,0
DA:258,0
DA:260,0
DA:261,0
DA:263,0
DA:269,0
DA:275,6
DA:276,6
DA:279,12
DA:282,6
DA:283,12
DA:285,6
DA:288,12
DA:290,12
DA:291,12
DA:293,6
DA:299,0
DA:305,0
DA:307,0
DA:308,0
DA:312,0
DA:314,0
DA:315,0
DA:318,0
DA:322,0
DA:323,0
DA:326,0
DA:329,0
DA:332,0
DA:336,0
DA:340,0
DA:342,0
DA:345,0
DA:349,0
DA:350,0
DA:352,0
DA:355,0
DA:358,0
DA:361,0
DA:369,0
DA:373,0
DA:375,0
DA:376,0
DA:381,0
DA:385,0
DA:389,0
DA:391,0
DA:394,0
DA:398,0
DA:399,0
DA:401,0
DA:404,0
DA:407,0
DA:410,0
DA:418,0
LF:152
LH:66
end_of_record
SF:lib/View/Categorias/ver_categorias.dart
DA:14,33
DA:16,4
DA:17,4
DA:24,4
DA:26,4
DA:27,8
DA:28,4
DA:31,4
DA:32,4
DA:33,8
DA:34,4
DA:38,4
DA:40,8
DA:45,4
DA:47,0
DA:48,0
DA:50,0
DA:53,4
DA:55,4
DA:56,4
DA:57,4
DA:58,4
DA:61,4
DA:63,4
DA:64,4
DA:66,4
DA:68,4
DA:78,4
DA:79,4
DA:81,4
DA:83,4
DA:89,4
DA:90,4
DA:92,4
DA:93,4
DA:94,4
DA:95,4
DA:96,4
DA:102,4
DA:104,3
DA:105,3
DA:106,3
DA:107,6
DA:119,4
DA:120,4
DA:121,4
DA:122,8
DA:123,4
DA:124,8
DA:125,4
DA:131,4
DA:132,4
DA:133,2
DA:134,4
DA:136,4
DA:140,4
DA:141,4
DA:143,4
DA:144,4
DA:152,4
DA:153,4
DA:161,0
DA:162,0
DA:164,0
DA:165,0
DA:166,0
DA:168,0
DA:174,1
DA:175,2
DA:177,1
DA:178,0
DA:179,0
DA:180,0
DA:183,1
DA:184,1
DA:185,1
DA:186,2
DA:193,0
DA:194,0
DA:195,0
DA:196,0
DA:197,0
DA:198,0
DA:200,0
DA:201,0
DA:202,0
DA:203,0
DA:204,0
DA:205,0
DA:209,0
DA:210,0
DA:211,0
DA:213,0
DA:215,0
DA:223,0
DA:224,0
DA:225,0
DA:226,0
DA:227,0
DA:228,0
DA:229,0
DA:234,0
DA:235,0
DA:236,0
LF:104
LH:65
end_of_record
SF:lib/View/recursos/colors.dart
DA:7,22
DA:8,22
DA:9,22
DA:10,18
DA:11,18
DA:12,0
LF:6
LH:5
end_of_record
SF:lib/View/recursos/utils.dart
DA:5,11
DA:6,11
DA:7,11
DA:11,22
DA:15,5
DA:16,5
DA:17,20
DA:18,10
LF:8
LH:8
end_of_record
SF:lib/View/recursos/validaciones.dart
DA:10,11
DA:11,22
DA:13,11
DA:15,0
DA:16,0
DA:21,11
DA:23,11
DA:33,11
DA:34,11
DA:37,22
DA:38,22
DA:39,11
DA:40,11
DA:41,22
DA:50,2
DA:52,4
DA:55,4
DA:59,4
DA:64,2
DA:66,2
DA:69,2
DA:72,2
DA:73,2
LF:23
LH:21
end_of_record
SF:lib/Presenter/cuentas.dart
DA:24,0
DA:26,0
DA:30,0
DA:31,0
DA:32,0
DA:33,0
DA:34,0
DA:36,0
DA:39,0
DA:41,0
DA:43,0
DA:44,0
DA:48,0
DA:49,0
DA:50,0
DA:52,0
DA:53,0
DA:54,0
DA:59,0
DA:60,0
DA:61,0
DA:62,0
DA:63,0
DA:68,0
DA:69,0
DA:70,0
DA:71,0
DA:72,0
DA:74,0
DA:76,0
DA:77,0
DA:78,0
DA:79,0
DA:80,0
DA:82,0
DA:83,0
DA:85,0
DA:86,0
DA:87,0
DA:88,0
DA:91,0
DA:94,0
DA:97,0
DA:99,0
DA:103,0
DA:104,0
DA:105,0
DA:109,0
DA:111,0
DA:112,0
DA:113,0
DA:118,0
DA:121,0
DA:123,0
DA:124,0
DA:135,2
DA:137,2
DA:138,2
DA:139,0
DA:143,2
DA:144,2
DA:145,2
DA:146,2
DA:147,1
DA:148,2
DA:152,2
DA:153,0
DA:154,0
DA:157,2
DA:160,2
DA:164,2
DA:165,2
DA:166,2
DA:167,2
DA:169,4
DA:171,2
DA:172,1
DA:176,2
DA:177,4
DA:178,0
DA:179,0
DA:180,2
DA:181,0
DA:184,0
DA:185,0
DA:188,4
DA:194,3
DA:195,1
DA:197,3
DA:201,2
DA:202,1
DA:204,1
DA:205,2
DA:206,2
DA:207,1
DA:213,10
DA:215,10
DA:216,10
DA:217,0
DA:221,20
DA:222,2
DA:223,1
DA:228,20
DA:234,10
DA:235,10
DA:237,10
DA:239,30
DA:241,1
DA:242,2
DA:243,2
DA:244,2
DA:245,2
DA:246,2
DA:247,1
DA:248,1
DA:249,1
DA:251,0
DA:252,0
DA:253,0
DA:259,0
DA:260,0
DA:261,0
DA:265,0
DA:267,0
DA:268,0
DA:269,0
DA:272,0
DA:281,1
DA:282,1
DA:283,1
DA:284,3
DA:285,3
LF:132
LH:57
end_of_record
SF:lib/View/recursos/bienvenido.dart
DA:14,76
DA:16,10
DA:18,30
DA:20,20
DA:27,10
DA:29,10
DA:31,0
DA:34,10
DA:36,10
DA:37,10
DA:38,10
DA:41,10
DA:42,10
DA:43,10
DA:46,10
DA:47,10
DA:50,10
DA:51,10
DA:53,10
LF:19
LH:18
end_of_record
SF:lib/View/recursos/inicio.dart
DA:7,132
DA:9,11
DA:10,11
DA:14,11
DA:16,33
DA:17,33
DA:19,11
DA:20,11
DA:21,11
DA:22,11
DA:28,11
DA:29,11
DA:31,11
DA:32,22
DA:33,11
DA:35,11
DA:37,11
DA:38,11
DA:41,11
DA:42,11
DA:43,11
DA:46,11
DA:47,11
DA:48,11
DA:49,11
DA:50,11
DA:51,11
DA:53,11
DA:54,10
DA:55,10
DA:57,10
DA:58,10
DA:61,11
DA:64,11
DA:65,11
DA:68,11
DA:69,11
DA:70,11
DA:72,11
DA:74,11
DA:75,11
DA:77,11
DA:78,11
DA:88,11
DA:89,11
DA:91,11
DA:92,2
DA:93,2
DA:95,2
DA:96,2
DA:99,11
DA:101,11
DA:102,11
DA:106,11
DA:107,11
DA:108,11
DA:109,11
DA:111,11
DA:112,11
DA:114,11
DA:115,11
DA:129,22
LF:62
LH:62
end_of_record
SF:lib/Presenter/objects.dart
DA:17,2
DA:19,2
DA:20,2
DA:23,4
DA:25,4
DA:26,0
DA:27,0
DA:31,0
DA:32,0
DA:35,2
DA:38,2
DA:41,4
DA:46,2
DA:47,2
DA:48,4
DA:49,2
DA:51,2
DA:56,6
DA:58,2
DA:59,2
DA:61,0
DA:65,2
DA:71,4
DA:72,2
DA:73,2
DA:74,2
DA:75,2
DA:77,4
DA:78,2
DA:79,2
DA:81,2
DA:82,0
DA:83,0
DA:86,2
DA:87,0
DA:88,0
DA:92,6
DA:94,4
DA:101,0
DA:103,0
DA:104,0
DA:107,0
DA:110,0
DA:113,0
DA:117,0
DA:121,0
DA:123,0
DA:126,0
DA:130,0
DA:133,0
DA:136,0
DA:139,0
DA:142,0
DA:144,0
DA:146,0
DA:149,0
DA:159,0
DA:164,5
DA:173,5
DA:176,5
DA:177,5
DA:179,5
DA:183,5
DA:184,10
DA:185,2
DA:191,5
DA:193,10
DA:195,10
DA:196,1
DA:197,1
DA:201,13
DA:202,1
DA:203,1
DA:207,10
DA:208,0
DA:209,0
DA:213,1
DA:214,0
DA:221,5
DA:229,5
DA:230,5
DA:232,5
DA:234,5
DA:235,10
DA:237,5
DA:241,10
DA:243,10
DA:245,15
DA:247,5
DA:250,10
DA:254,5
DA:256,10
DA:257,4
DA:259,4
DA:260,6
DA:263,0
DA:266,0
DA:271,5
DA:273,5
DA:274,5
DA:276,5
DA:278,5
DA:279,10
DA:281,5
DA:285,10
DA:287,10
DA:289,10
DA:291,15
DA:294,5
DA:297,5
DA:298,10
DA:299,5
DA:300,5
DA:301,5
DA:302,5
DA:305,5
DA:310,5
DA:316,5
DA:320,0
DA:325,4
DA:328,8
DA:332,8
DA:336,12
DA:338,4
DA:341,8
DA:345,4
DA:348,8
DA:351,8
DA:352,4
DA:355,4
DA:357,8
DA:359,8
DA:361,4
DA:362,4
DA:365,4
DA:376,0
DA:380,0
DA:384,0
DA:386,0
DA:388,0
DA:390,0
DA:391,0
DA:396,0
DA:398,0
DA:402,0
DA:404,0
DA:406,0
DA:409,0
DA:412,0
DA:415,0
DA:416,0
DA:420,0
DA:424,0
DA:426,0
DA:429,0
DA:433,0
DA:436,0
DA:439,0
DA:442,0
DA:445,0
DA:447,0
DA:450,0
DA:451,0
DA:452,0
DA:454,0
DA:455,0
DA:464,0
DA:469,1
DA:471,1
DA:473,1
DA:478,0
DA:481,0
DA:482,0
DA:486,0
DA:490,0
DA:492,0
DA:495,0
DA:499,0
DA:502,0
DA:505,0
DA:508,0
DA:511,0
DA:513,0
DA:516,0
DA:517,0
DA:518,0
DA:528,0
LF:187
LH:104
end_of_record
SF:lib/View/Objects/ver_objetos.dart
DA:26,5
DA:31,5
DA:32,5
DA:33,5
DA:41,14
DA:43,5
DA:44,5
DA:56,5
DA:58,5
DA:59,5
DA:60,5
DA:63,5
DA:64,5
DA:67,5
DA:69,0
DA:72,10
DA:73,5
DA:74,25
DA:75,15
DA:76,5
DA:77,9
DA:78,9
DA:79,3
DA:81,0
DA:86,5
DA:89,10
DA:90,15
DA:92,10
DA:93,5
DA:94,5
DA:96,10
DA:97,5
DA:100,0
DA:104,0
DA:105,0
DA:106,0
DA:107,0
DA:108,0
DA:110,0
DA:115,0
DA:116,0
DA:117,0
DA:118,0
DA:119,0
DA:120,0
DA:124,0
DA:125,0
DA:126,0
DA:127,0
DA:128,0
DA:129,0
DA:134,0
DA:135,0
DA:136,0
DA:138,0
DA:140,0
DA:148,0
DA:149,0
DA:150,0
DA:151,0
DA:152,0
DA:153,0
DA:154,0
DA:159,0
DA:163,0
DA:165,0
DA:166,0
DA:167,0
DA:168,0
DA:171,0
DA:172,0
DA:174,0
DA:175,0
DA:177,0
DA:178,0
DA:179,0
DA:183,5
DA:185,15
DA:187,10
DA:192,5
DA:194,0
DA:195,0
DA:197,0
DA:201,5
DA:203,5
DA:204,5
DA:205,5
DA:206,5
DA:207,5
DA:208,5
DA:211,5
DA:213,5
DA:225,5
DA:227,5
DA:228,5
DA:229,0
DA:230,0
DA:231,0
DA:232,0
DA:234,0
DA:235,0
DA:238,0
DA:239,0
DA:240,0
DA:245,5
DA:246,5
DA:252,5
DA:254,4
DA:255,4
DA:257,4
DA:258,4
DA:259,4
DA:260,4
DA:272,5
DA:273,5
DA:274,5
DA:275,5
DA:276,5
DA:279,5
DA:280,5
DA:281,5
DA:283,5
DA:284,5
DA:285,5
DA:286,5
DA:287,10
DA:288,5
DA:289,5
DA:292,10
DA:293,5
DA:294,5
DA:296,5
DA:305,5
DA:306,5
DA:316,10
DA:317,4
DA:319,4
DA:320,4
DA:321,4
DA:322,4
DA:323,4
DA:324,4
DA:325,4
DA:326,8
DA:327,4
DA:329,4
DA:331,4
DA:332,4
DA:333,8
DA:343,5
DA:344,5
DA:345,5
DA:346,10
DA:347,5
DA:348,5
DA:349,5
DA:353,5
DA:354,5
DA:355,20
DA:356,5
DA:357,10
DA:358,20
DA:359,15
DA:361,10
DA:362,15
DA:375,5
DA:381,5
DA:383,5
DA:384,5
DA:385,5
DA:386,5
DA:387,5
DA:389,5
DA:390,5
DA:391,5
DA:400,5
DA:401,5
DA:403,5
DA:404,5
DA:405,5
DA:406,5
DA:408,5
DA:409,5
DA:410,5
DA:411,5
DA:412,5
DA:413,20
DA:414,5
DA:415,10
DA:416,10
DA:417,5
DA:418,0
DA:420,10
DA:421,5
DA:422,4
DA:423,4
DA:424,0
DA:426,4
DA:428,4
DA:429,8
DA:431,4
DA:437,5
DA:438,5
DA:439,5
DA:449,5
DA:457,5
DA:458,0
LF:207
LH:146
end_of_record
SF:lib/View/Amigos/ver_amigos.dart
DA:16,22
DA:18,0
DA:19,0
DA:26,0
DA:27,0
DA:28,0
DA:29,0
DA:30,0
DA:31,0
DA:32,0
DA:33,0
DA:35,0
DA:37,0
DA:39,0
DA:40,0
DA:41,0
DA:42,0
DA:45,0
DA:46,0
DA:51,0
DA:52,0
DA:56,0
DA:57,0
DA:59,0
DA:60,0
DA:61,0
DA:62,0
DA:64,0
DA:69,0
DA:70,0
DA:71,0
DA:72,0
DA:75,0
DA:79,0
DA:82,0
DA:85,0
DA:88,0
DA:91,0
DA:92,0
DA:95,0
DA:98,0
DA:111,0
DA:113,0
DA:115,0
DA:116,0
DA:117,0
DA:118,0
DA:120,0
DA:123,0
DA:125,0
DA:128,0
DA:129,0
DA:130,0
DA:132,0
DA:133,0
DA:134,0
DA:135,0
DA:139,0
DA:140,0
DA:141,0
DA:144,0
DA:145,0
DA:146,0
DA:147,0
DA:148,0
DA:149,0
DA:151,0
DA:163,0
DA:165,0
DA:166,0
DA:169,0
DA:170,0
DA:171,0
DA:172,0
DA:176,0
DA:178,0
DA:180,0
DA:181,0
DA:182,0
DA:184,0
DA:186,0
DA:187,0
DA:188,0
DA:189,0
DA:190,0
DA:191,0
DA:194,0
DA:196,0
DA:208,0
DA:210,0
DA:211,0
DA:212,0
DA:213,0
DA:215,0
DA:216,0
DA:217,0
DA:226,0
DA:227,0
DA:228,0
DA:229,0
DA:243,0
DA:244,0
DA:245,0
DA:247,0
DA:263,0
DA:264,0
DA:265,0
DA:266,0
DA:267,0
DA:268,0
DA:269,0
DA:270,0
DA:272,0
DA:274,0
DA:275,0
DA:276,0
DA:279,0
DA:281,0
DA:289,0
DA:290,0
DA:292,0
DA:294,0
DA:301,0
DA:303,0
DA:307,0
LF:125
LH:1
end_of_record
SF:lib/View/Amigos/ver_colecciones_amigos.dart
DA:27,0
DA:30,0
DA:31,0
DA:32,0
DA:33,0
DA:34,0
DA:41,0
DA:43,0
DA:44,0
DA:54,0
DA:56,0
DA:58,0
DA:61,0
DA:62,0
DA:63,0
DA:64,0
DA:65,0
DA:66,0
DA:68,0
DA:73,0
DA:74,0
DA:75,0
DA:76,0
DA:77,0
DA:78,0
DA:79,0
DA:86,0
DA:88,0
DA:89,0
DA:90,0
DA:92,0
DA:93,0
DA:95,0
DA:97,0
DA:101,0
DA:103,0
DA:105,0
DA:110,0
DA:112,0
DA:113,0
DA:115,0
DA:118,0
DA:120,0
DA:121,0
DA:122,0
DA:123,0
DA:124,0
DA:125,0
DA:128,0
DA:130,0
DA:131,0
DA:133,0
DA:134,0
DA:135,0
DA:137,0
DA:139,0
DA:141,0
DA:144,0
DA:147,0
DA:149,0
DA:153,0
DA:154,0
DA:155,0
DA:156,0
DA:162,0
DA:164,0
DA:174,0
DA:175,0
DA:176,0
DA:177,0
DA:178,0
DA:181,0
DA:182,0
DA:183,0
DA:185,0
DA:186,0
DA:187,0
DA:188,0
DA:189,0
DA:190,0
DA:191,0
DA:194,0
DA:195,0
DA:196,0
DA:198,0
DA:207,0
DA:208,0
DA:220,0
DA:221,0
DA:222,0
DA:223,0
DA:224,0
DA:225,0
DA:226,0
DA:230,0
DA:231,0
DA:232,0
DA:233,0
DA:234,0
DA:235,0
DA:236,0
DA:250,0
DA:251,0
DA:252,0
DA:254,0
DA:256,0
DA:257,0
DA:258,0
DA:259,0
DA:260,0
DA:261,0
DA:263,0
DA:264,0
DA:265,0
DA:266,0
DA:267,0
DA:268,0
DA:269,0
DA:270,0
DA:272,0
DA:273,0
DA:275,0
DA:278,0
DA:279,0
DA:280,0
DA:281,0
DA:283,0
DA:284,0
DA:286,0
DA:287,0
DA:288,0
DA:291,0
DA:292,0
DA:293,0
DA:300,0
DA:320,0
DA:324,0
DA:325,0
DA:329,0
DA:331,0
DA:332,0
DA:333,0
DA:334,0
DA:336,0
DA:337,0
DA:338,0
DA:339,0
DA:340,0
DA:342,0
DA:343,0
DA:344,0
DA:346,0
DA:347,0
DA:349,0
DA:352,0
DA:353,0
DA:354,0
DA:355,0
DA:357,0
DA:358,0
DA:359,0
DA:361,0
DA:362,0
DA:364,0
DA:367,0
DA:368,0
DA:369,0
DA:377,0
LF:168
LH:0
end_of_record
SF:lib/View/recursos/app_with_drawer.dart
DA:21,10
DA:23,10
DA:24,10
DA:32,10
DA:34,10
DA:35,20
DA:36,20
DA:37,10
DA:38,10
DA:41,10
DA:42,20
DA:45,10
DA:46,20
DA:47,20
DA:48,30
DA:52,10
DA:54,30
DA:56,10
DA:57,10
DA:58,10
DA:60,20
DA:61,10
DA:62,10
DA:63,0
DA:64,0
DA:65,0
DA:66,0
DA:67,0
DA:76,10
DA:77,10
DA:78,10
DA:79,10
DA:80,10
DA:82,10
DA:83,10
DA:84,10
DA:86,10
DA:87,0
DA:88,0
DA:89,0
DA:90,0
DA:91,0
DA:93,0
DA:96,0
DA:119,10
DA:120,10
DA:121,10
DA:122,10
DA:130,0
DA:131,0
DA:132,0
DA:133,0
DA:134,0
DA:135,0
DA:136,0
DA:138,0
DA:141,0
DA:145,10
DA:147,10
DA:148,10
DA:149,10
DA:157,5
DA:158,5
DA:159,10
DA:160,15
DA:161,10
DA:162,5
DA:164,5
DA:165,5
DA:169,0
DA:172,0
DA:173,0
DA:177,10
DA:179,10
DA:180,10
DA:181,10
DA:191,4
DA:192,4
DA:193,12
DA:194,8
DA:195,4
DA:197,4
DA:198,4
DA:201,0
DA:205,10
DA:219,0
DA:220,0
DA:222,0
DA:223,0
DA:225,10
DA:226,10
DA:227,10
DA:228,10
DA:234,10
DA:245,0
DA:246,0
DA:248,0
DA:249,0
DA:252,10
DA:254,10
DA:255,0
DA:256,0
DA:258,10
DA:260,10
DA:261,10
DA:262,10
DA:264,10
DA:265,10
DA:266,10
DA:267,10
DA:286,20
LF:111
LH:76
end_of_record
SF:lib/View/Amigos/ver_objetos_amigos.dart
DA:20,0
DA:26,0
DA:27,0
DA:30,0
DA:37,0
DA:39,0
DA:42,0
DA:44,0
DA:45,0
DA:47,0
DA:53,0
DA:55,0
DA:56,0
DA:58,0
DA:60,0
DA:61,0
DA:64,0
DA:65,0
DA:66,0
DA:69,0
DA:70,0
DA:71,0
DA:73,0
DA:75,0
DA:84,0
DA:85,0
DA:86,0
DA:87,0
DA:88,0
DA:96,0
DA:98,0
DA:100,0
DA:102,0
DA:103,0
DA:105,0
DA:106,0
DA:107,0
DA:108,0
DA:110,0
DA:111,0
DA:112,0
DA:113,0
DA:114,0
DA:126,0
DA:128,0
DA:130,0
DA:132,0
DA:133,0
DA:134,0
DA:135,0
DA:136,0
DA:137,0
DA:138,0
DA:140,0
DA:141,0
DA:143,0
DA:145,0
DA:146,0
DA:147,0
DA:159,0
DA:161,0
DA:163,0
DA:165,0
DA:166,0
DA:167,0
DA:168,0
DA:169,0
DA:170,0
DA:171,0
DA:173,0
DA:174,0
DA:176,0
DA:178,0
DA:179,0
DA:180,0
DA:189,0
DA:190,0
LF:77
LH:0
end_of_record
SF:lib/View/Amigos/ver_solicitudes.dart
DA:15,11
DA:17,0
DA:18,0
DA:24,0
DA:26,0
DA:27,0
DA:30,0
DA:31,0
DA:32,0
DA:33,0
DA:37,0
DA:39,0
DA:40,0
DA:42,0
DA:44,0
DA:45,0
DA:46,0
DA:47,0
DA:52,0
DA:53,0
DA:54,0
DA:59,0
DA:60,0
DA:62,0
DA:64,0
DA:65,0
DA:66,0
DA:67,0
DA:72,0
DA:73,0
DA:74,0
DA:79,0
DA:81,0
DA:82,0
DA:84,0
DA:87,0
DA:89,0
DA:90,0
DA:91,0
DA:92,0
DA:95,0
DA:97,0
DA:98,0
DA:100,0
DA:102,0
DA:107,0
DA:108,0
DA:109,0
DA:110,0
DA:111,0
DA:112,0
DA:113,0
DA:114,0
DA:116,0
DA:124,0
DA:125,0
DA:127,0
DA:129,0
DA:136,0
DA:138,0
DA:142,0
DA:151,0
DA:154,0
DA:155,0
DA:156,0
DA:157,0
DA:159,0
DA:161,0
DA:163,0
DA:171,0
DA:172,0
DA:173,0
DA:175,0
DA:177,0
DA:179,0
LF:75
LH:1
end_of_record
SF:lib/View/Categorias/agregar_categorias.dart
DA:13,11
DA:15,3
DA:16,3
DA:23,3
DA:24,15
DA:25,9
DA:28,3
DA:30,6
DA:31,6
DA:32,3
DA:35,3
DA:37,9
DA:38,9
DA:40,6
DA:46,3
DA:48,3
DA:49,3
DA:52,3
DA:53,3
DA:54,3
DA:57,3
DA:58,3
DA:59,3
DA:61,3
DA:63,3
DA:72,3
DA:73,3
DA:74,3
DA:75,3
DA:77,3
DA:78,3
DA:82,3
DA:84,3
DA:85,3
DA:92,3
DA:94,3
DA:95,3
DA:97,3
DA:98,3
DA:99,3
DA:100,3
DA:102,3
DA:104,3
DA:107,3
DA:126,3
DA:128,6
DA:130,3
DA:132,3
DA:133,3
DA:134,3
DA:135,3
DA:136,3
DA:137,3
DA:139,3
DA:141,3
DA:144,3
DA:162,3
DA:163,6
DA:165,3
DA:166,3
DA:167,3
DA:168,3
DA:170,3
DA:171,3
DA:173,3
DA:178,3
DA:179,3
DA:180,3
DA:181,3
DA:182,3
DA:183,3
DA:185,0
DA:186,0
LF:73
LH:71
end_of_record
SF:lib/View/Categorias/editar_categoria.dart
DA:14,2
DA:16,1
DA:17,1
DA:20,0
DA:31,0
DA:32,0
DA:33,0
DA:34,0
DA:38,0
DA:40,0
DA:41,0
DA:42,0
DA:43,0
DA:44,0
DA:48,0
DA:49,0
DA:50,0
DA:51,0
DA:55,0
DA:56,0
DA:57,0
DA:69,0
DA:70,0
DA:71,0
DA:72,0
DA:73,0
DA:74,0
DA:75,0
DA:80,0
DA:81,0
DA:82,0
DA:83,0
DA:85,0
DA:90,0
DA:91,0
DA:93,0
DA:95,0
DA:97,0
DA:98,0
DA:99,0
DA:101,0
DA:102,0
DA:106,0
DA:107,0
DA:114,0
DA:115,0
DA:116,0
DA:117,0
DA:123,0
DA:124,0
DA:125,0
DA:126,0
DA:128,0
DA:132,0
DA:133,0
DA:134,0
DA:141,0
DA:142,0
DA:143,0
DA:144,0
DA:150,0
DA:151,0
DA:152,0
DA:153,0
DA:159,0
DA:160,0
DA:161,0
DA:164,0
DA:165,0
DA:166,0
DA:169,0
DA:170,0
DA:174,0
DA:175,0
DA:176,0
DA:177,0
DA:178,0
DA:181,0
DA:182,0
DA:186,1
DA:187,3
DA:188,0
DA:191,2
DA:192,1
DA:196,1
DA:197,1
DA:198,1
DA:199,1
DA:200,1
DA:204,1
DA:205,1
DA:206,0
DA:207,0
DA:211,1
DA:212,1
DA:213,2
DA:225,1
DA:226,2
DA:227,1
DA:228,1
DA:229,2
DA:230,4
DA:235,1
DA:237,1
DA:238,1
DA:241,1
DA:243,3
DA:244,2
DA:245,4
DA:246,3
DA:247,1
DA:248,2
DA:252,1
DA:254,3
DA:255,3
DA:257,2
DA:263,1
DA:265,0
DA:266,0
DA:268,0
DA:271,1
DA:273,1
DA:274,1
DA:277,1
DA:278,1
DA:279,1
DA:282,1
DA:283,1
DA:285,1
DA:287,1
DA:288,2
DA:289,1
DA:290,1
DA:300,1
DA:301,1
DA:302,1
DA:304,1
DA:306,1
DA:314,1
DA:315,1
DA:317,1
DA:318,1
DA:320,1
DA:321,1
DA:322,1
DA:323,1
DA:325,1
DA:326,1
DA:328,1
DA:329,1
DA:330,1
DA:331,1
DA:332,0
DA:336,0
DA:337,0
DA:340,1
DA:341,2
DA:342,1
DA:343,1
DA:350,1
DA:352,1
DA:353,1
DA:354,1
DA:356,1
DA:357,1
DA:360,0
DA:361,0
DA:362,0
DA:363,0
DA:365,0
DA:381,1
DA:382,1
DA:384,1
DA:385,1
DA:386,1
DA:387,1
DA:388,1
DA:389,1
DA:390,1
DA:391,1
DA:392,1
DA:394,1
DA:396,1
DA:397,1
DA:398,1
DA:399,1
DA:400,0
DA:404,0
DA:405,0
DA:408,1
DA:409,1
DA:410,2
DA:414,1
DA:415,1
DA:416,1
DA:417,1
DA:418,1
DA:421,0
DA:422,0
DA:423,0
DA:424,0
DA:426,0
DA:431,1
DA:437,1
DA:438,2
DA:439,1
DA:455,1
DA:456,1
DA:457,1
DA:458,1
DA:459,1
DA:460,1
DA:461,1
DA:463,1
DA:470,1
DA:471,1
DA:472,1
DA:473,1
DA:474,1
DA:475,1
DA:476,1
DA:478,1
LF:222
LH:124
end_of_record
SF:lib/View/Cuentas/Registrarse.dart
DA:12,11
DA:14,2
DA:15,2
DA:27,2
DA:29,2
DA:31,2
DA:33,2
DA:38,2
DA:39,2
DA:41,2
DA:43,2
DA:44,4
DA:45,2
DA:53,4
DA:55,2
DA:64,2
DA:66,4
DA:67,4
DA:68,4
DA:69,4
DA:70,2
DA:73,2
DA:75,6
DA:76,6
DA:79,2
DA:80,2
DA:82,2
DA:83,2
DA:84,2
DA:85,2
DA:90,2
DA:92,6
DA:93,4
DA:94,6
DA:95,6
DA:98,2
DA:99,2
DA:100,2
DA:101,2
DA:107,2
DA:108,2
DA:111,2
DA:115,2
DA:116,2
DA:118,2
DA:124,2
DA:126,2
DA:135,2
DA:137,2
DA:145,2
DA:147,2
DA:149,2
DA:151,2
DA:152,2
DA:154,2
DA:155,2
DA:156,2
DA:157,0
DA:159,4
DA:162,0
DA:163,0
DA:164,0
DA:168,2
DA:171,2
DA:173,2
DA:174,4
DA:175,2
DA:183,4
DA:185,2
DA:195,2
DA:197,2
DA:199,2
DA:201,2
DA:202,2
DA:204,2
DA:205,2
DA:206,2
DA:207,0
DA:209,4
DA:212,0
DA:213,0
DA:214,0
DA:215,0
DA:219,2
DA:222,2
DA:224,2
DA:225,4
DA:226,2
DA:234,4
DA:236,2
DA:246,2
DA:248,2
DA:251,2
DA:253,2
DA:254,2
DA:255,2
DA:257,2
DA:258,2
DA:259,2
DA:260,2
DA:261,2
DA:262,2
DA:264,2
DA:265,2
DA:275,2
DA:277,2
DA:278,0
DA:279,0
DA:281,2
DA:283,2
DA:284,2
DA:285,2
DA:287,2
DA:288,2
DA:289,2
DA:290,2
DA:291,2
DA:292,2
DA:294,2
DA:295,2
LF:120
LH:109
end_of_record
SF:lib/View/Cuentas/ingresar.dart
DA:12,11
DA:14,10
DA:15,10
DA:24,10
DA:26,10
DA:28,10
DA:30,10
DA:35,10
DA:36,10
DA:38,10
DA:40,10
DA:41,20
DA:42,10
DA:50,20
DA:52,10
DA:61,9
DA:63,18
DA:64,18
DA:65,9
DA:68,10
DA:70,30
DA:71,30
DA:74,10
DA:75,10
DA:77,10
DA:78,10
DA:79,10
DA:80,10
DA:85,40
DA:86,30
DA:89,10
DA:90,10
DA:91,10
DA:92,10
DA:98,10
DA:99,10
DA:102,10
DA:106,10
DA:107,10
DA:109,10
DA:115,10
DA:117,10
DA:125,10
DA:127,10
DA:129,10
DA:131,10
DA:132,10
DA:134,10
DA:135,10
DA:136,10
DA:137,0
DA:139,20
DA:142,0
DA:143,0
DA:144,0
DA:148,10
DA:151,10
DA:153,10
DA:154,20
DA:155,10
DA:163,20
DA:165,10
DA:175,10
DA:177,10
DA:180,10
DA:182,10
DA:183,10
DA:184,10
DA:186,10
DA:187,10
DA:188,10
DA:189,10
DA:190,10
DA:191,10
DA:193,10
DA:194,10
DA:204,10
DA:206,10
DA:207,0
DA:208,0
DA:210,10
DA:212,10
DA:213,10
DA:214,10
DA:216,10
DA:217,10
DA:218,10
DA:219,10
DA:220,10
DA:221,10
DA:223,10
DA:224,10
LF:92
LH:86
end_of_record
SF:lib/View/Cuentas/perfil.dart
DA:15,11
DA:17,0
DA:18,0
DA:27,0
DA:35,0
DA:37,0
DA:39,0
DA:40,0
DA:42,0
DA:44,0
DA:45,0
DA:47,0
DA:48,0
DA:49,0
DA:50,0
DA:52,0
DA:54,0
DA:56,0
DA:59,0
DA:70,0
DA:72,0
DA:73,0
DA:74,0
DA:77,0
DA:79,0
DA:80,0
DA:81,0
DA:82,0
DA:83,0
DA:86,0
DA:87,0
DA:88,0
DA:89,0
DA:93,0
DA:94,0
DA:95,0
DA:97,0
DA:99,0
DA:107,0
DA:108,0
DA:109,0
DA:110,0
DA:111,0
DA:112,0
DA:113,0
DA:114,0
DA:120,0
DA:123,0
DA:124,0
DA:125,0
DA:126,0
DA:127,0
DA:129,0
DA:135,0
DA:137,0
DA:138,0
DA:141,0
DA:142,0
DA:143,0
DA:144,0
DA:146,0
DA:147,0
DA:148,0
DA:151,0
DA:155,0
DA:156,0
DA:158,0
DA:164,0
DA:166,0
DA:167,0
DA:168,0
DA:175,0
DA:177,0
DA:178,0
DA:185,0
DA:187,0
DA:188,0
DA:189,0
DA:191,0
DA:194,0
DA:196,0
DA:197,0
DA:198,0
DA:200,0
DA:201,0
DA:202,0
LF:86
LH:1
end_of_record
SF:lib/View/Objects/agregar_objetos.dart
DA:23,4
DA:25,4
DA:27,4
DA:30,0
DA:41,4
DA:42,4
DA:43,4
DA:44,4
DA:45,4
DA:46,4
DA:54,4
DA:56,4
DA:57,4
DA:58,4
DA:60,4
DA:61,4
DA:63,8
DA:67,8
DA:75,4
DA:76,4
DA:78,4
DA:80,4
DA:81,4
DA:82,4
DA:84,4
DA:85,4
DA:87,4
DA:94,4
DA:95,12
DA:97,0
DA:98,4
DA:99,4
DA:105,4
DA:107,8
DA:108,8
DA:109,8
DA:110,16
DA:112,4
DA:114,4
DA:116,8
DA:117,12
DA:118,8
DA:119,4
DA:123,0
DA:124,0
DA:125,0
DA:127,0
DA:128,0
DA:129,0
DA:130,0
DA:136,0
DA:144,0
DA:147,0
DA:148,0
DA:149,0
DA:150,0
DA:151,0
DA:156,4
DA:157,8
DA:165,4
DA:169,4
DA:172,8
DA:173,4
DA:178,4
DA:181,4
DA:182,4
DA:184,3
DA:185,3
DA:186,3
DA:187,3
DA:192,4
DA:194,16
DA:197,8
DA:200,8
DA:201,4
DA:202,4
DA:203,4
DA:204,12
DA:205,8
DA:206,8
DA:211,12
DA:216,3
DA:218,3
DA:222,4
DA:223,8
DA:224,4
DA:227,4
DA:230,4
DA:232,12
DA:233,12
DA:235,8
DA:241,4
DA:243,4
DA:244,4
DA:247,4
DA:248,4
DA:249,4
DA:252,4
DA:253,4
DA:254,4
DA:256,4
DA:258,4
DA:266,4
DA:267,4
DA:269,4
DA:270,4
DA:271,4
DA:272,4
DA:273,4
DA:274,12
DA:280,4
DA:290,4
DA:291,4
DA:292,4
DA:293,4
DA:295,4
DA:296,4
DA:300,4
DA:302,4
DA:303,4
DA:310,4
DA:312,4
DA:313,4
DA:315,4
DA:316,4
DA:317,4
DA:318,4
DA:320,4
DA:322,4
DA:323,4
DA:326,4
DA:346,4
DA:348,8
DA:350,4
DA:352,4
DA:353,4
DA:354,4
DA:355,4
DA:356,4
DA:357,4
DA:359,4
DA:361,4
DA:362,4
DA:365,4
DA:384,4
DA:385,4
DA:387,4
DA:388,4
DA:389,4
DA:390,4
DA:395,4
DA:400,4
DA:401,4
DA:402,4
DA:403,4
DA:407,0
DA:408,0
LF:157
LH:139
end_of_record
SF:lib/View/Objects/editar_objetos.dart
DA:26,4
DA:28,4
DA:29,4
DA:45,0
DA:46,0
DA:47,0
DA:48,0
DA:49,0
DA:53,0
DA:55,0
DA:56,0
DA:57,0
DA:58,0
DA:59,0
DA:63,0
DA:64,0
DA:65,0
DA:66,0
DA:70,0
DA:71,0
DA:72,0
DA:74,0
DA:76,0
DA:84,0
DA:85,0
DA:86,0
DA:87,0
DA:88,0
DA:89,0
DA:90,0
DA:95,0
DA:99,2
DA:100,4
DA:101,4
DA:105,2
DA:106,4
DA:111,6
DA:112,6
DA:115,8
DA:116,2
DA:117,1
DA:121,12
DA:123,4
DA:124,2
DA:128,2
DA:129,4
DA:130,0
DA:131,0
DA:135,4
DA:136,0
DA:137,0
DA:141,6
DA:142,0
DA:143,0
DA:147,6
DA:148,0
DA:149,0
DA:156,0
DA:157,0
DA:158,0
DA:161,0
DA:162,0
DA:167,0
DA:168,0
DA:169,0
DA:170,0
DA:171,0
DA:175,0
DA:176,0
DA:177,0
DA:178,0
DA:182,0
DA:183,0
DA:184,0
DA:186,0
DA:188,0
DA:196,0
DA:197,0
DA:198,0
DA:199,0
DA:200,0
DA:201,0
DA:206,1
DA:207,2
DA:208,1
DA:211,1
DA:212,1
DA:214,1
DA:215,1
DA:217,4
DA:221,4
DA:222,20
DA:224,8
DA:226,12
DA:227,12
DA:229,12
DA:230,12
DA:232,16
DA:233,12
DA:235,12
DA:236,12
DA:241,1
DA:242,1
DA:243,1
DA:245,0
DA:254,2
DA:255,1
DA:256,3
DA:257,3
DA:260,1
DA:262,2
DA:264,2
DA:265,3
DA:266,2
DA:267,1
DA:271,1
DA:272,2
DA:280,1
DA:284,1
DA:287,2
DA:288,1
DA:293,1
DA:296,1
DA:297,1
DA:299,1
DA:305,1
DA:307,4
DA:310,2
DA:313,2
DA:314,1
DA:315,1
DA:316,1
DA:317,1
DA:318,1
DA:319,1
DA:324,3
DA:327,0
DA:329,0
DA:333,4
DA:335,4
DA:336,4
DA:339,4
DA:341,12
DA:342,12
DA:344,8
DA:350,4
DA:352,0
DA:353,0
DA:355,4
DA:357,4
DA:358,4
DA:361,4
DA:362,4
DA:363,4
DA:366,4
DA:367,4
DA:368,4
DA:370,4
DA:372,4
DA:381,4
DA:382,4
DA:383,4
DA:384,4
DA:386,1
DA:387,2
DA:388,1
DA:391,4
DA:392,4
DA:393,4
DA:394,1
DA:395,3
DA:401,4
DA:402,8
DA:406,4
DA:410,4
DA:412,4
DA:428,4
DA:430,8
DA:432,4
DA:434,4
DA:435,4
DA:437,4
DA:438,4
DA:439,4
DA:440,4
DA:442,4
DA:443,4
DA:444,4
DA:445,4
DA:446,4
DA:458,4
DA:460,8
DA:462,4
DA:464,4
DA:465,4
DA:466,4
DA:467,4
DA:468,4
DA:469,4
DA:470,4
DA:472,4
DA:473,4
DA:475,4
DA:477,4
DA:478,4
DA:479,4
DA:480,4
DA:481,2
DA:487,2
DA:488,2
DA:489,2
DA:492,4
DA:493,4
DA:494,4
DA:495,4
DA:499,4
DA:500,4
DA:501,4
DA:503,4
DA:504,4
DA:507,2
DA:508,2
DA:509,2
DA:511,2
DA:515,4
DA:516,2
DA:521,2
DA:533,4
DA:534,4
DA:536,4
DA:537,4
DA:538,4
DA:539,4
DA:543,0
DA:544,0
DA:550,4
DA:551,4
DA:552,4
DA:553,4
DA:558,4
LF:240
LH:172
end_of_record
SF:lib/View/recursos/custom_badge.dart
DA:7,10
DA:12,9
DA:14,9
DA:15,9
DA:16,9
DA:17,9
DA:18,18
DA:19,0
DA:22,0
DA:24,0
DA:26,0
DA:32,0
DA:33,0
DA:34,0
LF:14
LH:7
end_of_record
